#
# There is insufficient memory for the Java Runtime Environment to continue.
# Native memory allocation (malloc) failed to allocate 1428816 bytes for Chunk::new
# Possible reasons:
#   The system is out of physical RAM or swap space
#   The process is running with CompressedOops enabled, and the Java Heap may be blocking the growth of the native heap
# Possible solutions:
#   Reduce memory load on the system
#   Increase physical memory or swap space
#   Check if swap backing store is full
#   Decrease Java heap size (-Xmx/-Xms)
#   Decrease number of Java threads
#   Decrease Java thread stack sizes (-Xss)
#   Set larger code cache with -XX:ReservedCodeCacheSize=
#   JVM is running with Unscaled Compressed Oops mode in which the Java heap is
#     placed in the first 4GB address space. The Java Heap base address is the
#     maximum limit for the native heap growth. Please use -XX:HeapBaseMinAddress
#     to set the Java Heap base and to place the Java Heap above 4GB virtual address.
# This output file may be truncated or incomplete.
#
#  Out of Memory Error (arena.cpp:189), pid=19608, tid=5592
#
# JRE version: OpenJDK Runtime Environment (17.0.6) (build 17.0.6+0-b2043.56-10027231)
# Java VM: OpenJDK 64-Bit Server VM (17.0.6+0-b2043.56-10027231, mixed mode, tiered, compressed oops, compressed class ptrs, g1 gc, windows-amd64)
# No core dump will be written. Minidumps are not enabled by default on client versions of Windows
#

---------------  S U M M A R Y ------------

Command Line: --add-opens=java.base/java.util=ALL-UNNAMED --add-opens=java.base/java.lang=ALL-UNNAMED --add-opens=java.base/java.lang.invoke=ALL-UNNAMED --add-opens=java.prefs/java.util.prefs=ALL-UNNAMED --add-opens=java.base/java.nio.charset=ALL-UNNAMED --add-opens=java.base/java.net=ALL-UNNAMED --add-opens=java.base/java.util.concurrent.atomic=ALL-UNNAMED -Xmx2048m -Dfile.encoding=UTF-8 -Duser.country=MX -Duser.language=es -Duser.variant org.gradle.launcher.daemon.bootstrap.GradleDaemon 8.0

Host: 11th Gen Intel(R) Core(TM) i5-1135G7 @ 2.40GHz, 8 cores, 7G,  Windows 11 , 64 bit Build 22621 (10.0.22621.3672)
Time: Sat Jun 15 15:37:09 2024 Hora estándar central (México) elapsed time: 320.476712 seconds (0d 0h 5m 20s)

---------------  T H R E A D  ---------------

Current thread (0x0000023dff9cb7e0):  JavaThread "C2 CompilerThread0" daemon [_thread_in_native, id=5592, stack(0x000000b4c8900000,0x000000b4c8a00000)]


Current CompileTask:
C2: 320476 12133       4       org.gradle.internal.instantiation.generator.AbstractClassGenerator$GeneratedClassImpl$GeneratedConstructorImpl::lambda$newInstance$0 (15 bytes)

Stack: [0x000000b4c8900000,0x000000b4c8a00000]
Native frames: (J=compiled Java code, j=interpreted, Vv=VM code, C=native code)
V  [jvm.dll+0x683c9a]
V  [jvm.dll+0x8427a4]
V  [jvm.dll+0x843f9e]
V  [jvm.dll+0x844603]
V  [jvm.dll+0x249b75]
V  [jvm.dll+0xabcac]
V  [jvm.dll+0xac27c]
V  [jvm.dll+0x368802]
V  [jvm.dll+0x332f31]
V  [jvm.dll+0x3323da]
V  [jvm.dll+0x21c201]
V  [jvm.dll+0x21b621]
V  [jvm.dll+0x1a4fdd]
V  [jvm.dll+0x22b098]
V  [jvm.dll+0x229159]
V  [jvm.dll+0x7f81ec]
V  [jvm.dll+0x7f274a]
V  [jvm.dll+0x682ad5]
C  [ucrtbase.dll+0x29333]
C  [KERNEL32.DLL+0x1257d]
C  [ntdll.dll+0x5af28]


---------------  P R O C E S S  ---------------

Threads class SMR info:
_java_thread_list=0x0000023d8ddb0f40, length=45, elements={
0x0000023debb20ad0, 0x0000023dff9576c0, 0x0000023dff958080, 0x0000023dff9b70b0,
0x0000023dff9c7590, 0x0000023dff9c8140, 0x0000023dff9cab00, 0x0000023dff9cb7e0,
0x0000023dff9d51f0, 0x0000023dff9de930, 0x0000023dffb71350, 0x0000023dffb71820,
0x0000023d86f440f0, 0x0000023d87a234b0, 0x0000023d8932a230, 0x0000023d8723cee0,
0x0000023d8723d3b0, 0x0000023d8723e6f0, 0x0000023d8723dd50, 0x0000023d8723e220,
0x0000023d8723ff00, 0x0000023d89b439a0, 0x0000023d89b45680, 0x0000023d89b46020,
0x0000023d89b44810, 0x0000023d86f88230, 0x0000023d86f84d40, 0x0000023d86f89a40,
0x0000023d88ad4b90, 0x0000023d88ad5530, 0x0000023d88ad41f0, 0x0000023d88ad5ed0,
0x0000023d88e71dd0, 0x0000023d88e70a90, 0x0000023d88e70f60, 0x0000023d88e71430,
0x0000023d88e722a0, 0x0000023d88e73110, 0x0000023d88e76130, 0x0000023d88f202e0,
0x0000023d88e752c0, 0x0000023d88e73f80, 0x0000023d88e735e0, 0x0000023d88e72c40,
0x0000023d88e74df0
}

Java Threads: ( => current thread )
  0x0000023debb20ad0 JavaThread "main" [_thread_blocked, id=16924, stack(0x000000b4c7c00000,0x000000b4c7d00000)]
  0x0000023dff9576c0 JavaThread "Reference Handler" daemon [_thread_blocked, id=15800, stack(0x000000b4c8300000,0x000000b4c8400000)]
  0x0000023dff958080 JavaThread "Finalizer" daemon [_thread_blocked, id=9744, stack(0x000000b4c8400000,0x000000b4c8500000)]
  0x0000023dff9b70b0 JavaThread "Signal Dispatcher" daemon [_thread_blocked, id=24440, stack(0x000000b4c8500000,0x000000b4c8600000)]
  0x0000023dff9c7590 JavaThread "Attach Listener" daemon [_thread_blocked, id=19272, stack(0x000000b4c8600000,0x000000b4c8700000)]
  0x0000023dff9c8140 JavaThread "Service Thread" daemon [_thread_blocked, id=24872, stack(0x000000b4c8700000,0x000000b4c8800000)]
  0x0000023dff9cab00 JavaThread "Monitor Deflation Thread" daemon [_thread_blocked, id=13840, stack(0x000000b4c8800000,0x000000b4c8900000)]
=>0x0000023dff9cb7e0 JavaThread "C2 CompilerThread0" daemon [_thread_in_native, id=5592, stack(0x000000b4c8900000,0x000000b4c8a00000)]
  0x0000023dff9d51f0 JavaThread "C1 CompilerThread0" daemon [_thread_blocked, id=23252, stack(0x000000b4c8a00000,0x000000b4c8b00000)]
  0x0000023dff9de930 JavaThread "Sweeper thread" daemon [_thread_blocked, id=10780, stack(0x000000b4c8b00000,0x000000b4c8c00000)]
  0x0000023dffb71350 JavaThread "Common-Cleaner" daemon [_thread_blocked, id=18312, stack(0x000000b4c8c00000,0x000000b4c8d00000)]
  0x0000023dffb71820 JavaThread "Notification Thread" daemon [_thread_blocked, id=112, stack(0x000000b4c8d00000,0x000000b4c8e00000)]
  0x0000023d86f440f0 JavaThread "Daemon health stats" [_thread_blocked, id=21324, stack(0x000000b4c9500000,0x000000b4c9600000)]
  0x0000023d87a234b0 JavaThread "Incoming local TCP Connector on port 61369" [_thread_in_native, id=13680, stack(0x000000b4c9600000,0x000000b4c9700000)]
  0x0000023d8932a230 JavaThread "Daemon periodic checks" [_thread_blocked, id=15944, stack(0x000000b4c9700000,0x000000b4c9800000)]
  0x0000023d8723cee0 JavaThread "Cache worker for journal cache (C:\Users\elien\.gradle\caches\journal-1)" [_thread_blocked, id=19960, stack(0x000000b4ca300000,0x000000b4ca400000)]
  0x0000023d8723d3b0 JavaThread "File lock request listener" [_thread_in_native, id=20580, stack(0x000000b4ca400000,0x000000b4ca500000)]
  0x0000023d8723e6f0 JavaThread "Cache worker for file hash cache (C:\Users\elien\.gradle\caches\8.0\fileHashes)" [_thread_blocked, id=14884, stack(0x000000b4ca500000,0x000000b4ca600000)]
  0x0000023d8723dd50 JavaThread "File watcher server" daemon [_thread_in_native, id=10884, stack(0x000000b4ca600000,0x000000b4ca700000)]
  0x0000023d8723e220 JavaThread "File watcher consumer" daemon [_thread_blocked, id=21668, stack(0x000000b4ca700000,0x000000b4ca800000)]
  0x0000023d8723ff00 JavaThread "Cache worker for file content cache (C:\Users\elien\.gradle\caches\8.0\fileContent)" [_thread_blocked, id=20816, stack(0x000000b4caa00000,0x000000b4cab00000)]
  0x0000023d89b439a0 JavaThread "Cache worker for execution history cache (C:\Users\elien\.gradle\caches\8.0\executionHistory)" [_thread_blocked, id=3716, stack(0x000000b4cad00000,0x000000b4cae00000)]
  0x0000023d89b45680 JavaThread "jar transforms" [_thread_blocked, id=5300, stack(0x000000b4cae00000,0x000000b4caf00000)]
  0x0000023d89b46020 JavaThread "jar transforms Thread 2" [_thread_blocked, id=4944, stack(0x000000b4caf00000,0x000000b4cb000000)]
  0x0000023d89b44810 JavaThread "Cache worker for kotlin-dsl (C:\Users\elien\.gradle\caches\8.0\kotlin-dsl)" [_thread_blocked, id=16364, stack(0x000000b4cb000000,0x000000b4cb100000)]
  0x0000023d86f88230 JavaThread "jar transforms Thread 3" [_thread_blocked, id=21656, stack(0x000000b4cb100000,0x000000b4cb200000)]
  0x0000023d86f84d40 JavaThread "jar transforms Thread 4" [_thread_blocked, id=9996, stack(0x000000b4cb200000,0x000000b4cb300000)]
  0x0000023d86f89a40 JavaThread "jar transforms Thread 5" [_thread_blocked, id=724, stack(0x000000b4cb500000,0x000000b4cb600000)]
  0x0000023d88ad4b90 JavaThread "jar transforms Thread 6" [_thread_blocked, id=12896, stack(0x000000b4d0600000,0x000000b4d0700000)]
  0x0000023d88ad5530 JavaThread "jar transforms Thread 7" [_thread_blocked, id=25548, stack(0x000000b4d0700000,0x000000b4d0800000)]
  0x0000023d88ad41f0 JavaThread "jar transforms Thread 8" [_thread_blocked, id=8564, stack(0x000000b4d0800000,0x000000b4d0900000)]
  0x0000023d88ad5ed0 JavaThread "Memory manager" [_thread_blocked, id=13848, stack(0x000000b4d0a00000,0x000000b4d0b00000)]
  0x0000023d88e71dd0 JavaThread "Daemon Thread 2" [_thread_blocked, id=7824, stack(0x000000b4c7a00000,0x000000b4c7b00000)]
  0x0000023d88e70a90 JavaThread "Handler for socket connection from /127.0.0.1:61369 to /127.0.0.1:61463" [_thread_in_native, id=20592, stack(0x000000b4c7b00000,0x000000b4c7c00000)]
  0x0000023d88e70f60 JavaThread "Cancel handler" [_thread_blocked, id=14976, stack(0x000000b4c9000000,0x000000b4c9100000)]
  0x0000023d88e71430 JavaThread "Daemon worker Thread 2" [_thread_in_vm, id=18232, stack(0x000000b4c9800000,0x000000b4c9900000)]
  0x0000023d88e722a0 JavaThread "Asynchronous log dispatcher for DefaultDaemonConnection: socket connection from /127.0.0.1:61369 to /127.0.0.1:61463" [_thread_blocked, id=26128, stack(0x000000b4c9900000,0x000000b4c9a00000)]
  0x0000023d88e73110 JavaThread "Stdin handler" [_thread_blocked, id=26736, stack(0x000000b4c9a00000,0x000000b4c9b00000)]
  0x0000023d88e76130 JavaThread "Daemon client event forwarder" [_thread_blocked, id=10024, stack(0x000000b4c9b00000,0x000000b4c9c00000)]
  0x0000023d88f202e0 JavaThread "C2 CompilerThread1" daemon [_thread_in_native, id=26164, stack(0x000000b4c9c00000,0x000000b4c9d00000)]
  0x0000023d88e752c0 JavaThread "Cache worker for checksums cache (C:\Users\elien\OneDrive\Escritorio\PECUNIA_buenisimo\PECUNIA\.gradle\8.0\checksums)" [_thread_blocked, id=27376, stack(0x000000b4c9d00000,0x000000b4c9e00000)]
  0x0000023d88e73f80 JavaThread "Cache worker for cache directory md-rule (C:\Users\elien\.gradle\caches\8.0\md-rule)" [_thread_blocked, id=26468, stack(0x000000b4c9e00000,0x000000b4c9f00000)]
  0x0000023d88e735e0 JavaThread "Cache worker for file hash cache (C:\Users\elien\OneDrive\Escritorio\PECUNIA_buenisimo\PECUNIA\.gradle\8.0\fileHashes)" [_thread_blocked, id=27000, stack(0x000000b4ca800000,0x000000b4ca900000)]
  0x0000023d88e72c40 JavaThread "Cache worker for cache directory md-supplier (C:\Users\elien\.gradle\caches\8.0\md-supplier)" [_thread_blocked, id=26800, stack(0x000000b4ca900000,0x000000b4caa00000)]
  0x0000023d88e74df0 JavaThread "Cache worker for dependencies-accessors (C:\Users\elien\OneDrive\Escritorio\PECUNIA_buenisimo\PECUNIA\.gradle\8.0\dependencies-accessors)" [_thread_blocked, id=25856, stack(0x000000b4cab00000,0x000000b4cac00000)]

Other Threads:
  0x0000023dff987320 VMThread "VM Thread" [stack: 0x000000b4c8200000,0x000000b4c8300000] [id=6908]
  0x0000023dff972bd0 WatcherThread [stack: 0x000000b4c8e00000,0x000000b4c8f00000] [id=13896]
  0x0000023debb7bcf0 GCTaskThread "GC Thread#0" [stack: 0x000000b4c7d00000,0x000000b4c7e00000] [id=23888]
  0x0000023d870ed910 GCTaskThread "GC Thread#1" [stack: 0x000000b4c9100000,0x000000b4c9200000] [id=23048]
  0x0000023d86dd59b0 GCTaskThread "GC Thread#2" [stack: 0x000000b4c9200000,0x000000b4c9300000] [id=14248]
  0x0000023d87315000 GCTaskThread "GC Thread#3" [stack: 0x000000b4c9300000,0x000000b4c9400000] [id=7152]
  0x0000023d87bcd490 GCTaskThread "GC Thread#4" [stack: 0x000000b4c9400000,0x000000b4c9500000] [id=19908]
  0x0000023d88a7fe10 GCTaskThread "GC Thread#5" [stack: 0x000000b4c9f00000,0x000000b4ca000000] [id=13220]
  0x0000023d88a80370 GCTaskThread "GC Thread#6" [stack: 0x000000b4ca000000,0x000000b4ca100000] [id=9080]
  0x0000023d88a7f8b0 GCTaskThread "GC Thread#7" [stack: 0x000000b4ca100000,0x000000b4ca200000] [id=18452]
  0x0000023debb8cc30 ConcurrentGCThread "G1 Main Marker" [stack: 0x000000b4c7e00000,0x000000b4c7f00000] [id=24472]
  0x0000023debb8d640 ConcurrentGCThread "G1 Conc#0" [stack: 0x000000b4c7f00000,0x000000b4c8000000] [id=21364]
  0x0000023d88a7fb60 ConcurrentGCThread "G1 Conc#1" [stack: 0x000000b4ca200000,0x000000b4ca300000] [id=15692]
  0x0000023dff7ca100 ConcurrentGCThread "G1 Refine#0" [stack: 0x000000b4c8000000,0x000000b4c8100000] [id=19920]
  0x0000023d88ceff70 ConcurrentGCThread "G1 Refine#1" [stack: 0x000000b4c8f00000,0x000000b4c9000000] [id=21996]
  0x0000023dff7cab20 ConcurrentGCThread "G1 Service" [stack: 0x000000b4c8100000,0x000000b4c8200000] [id=10392]

Threads with active compile tasks:
C2 CompilerThread0   320525 12133       4       org.gradle.internal.instantiation.generator.AbstractClassGenerator$GeneratedClassImpl$GeneratedConstructorImpl::lambda$newInstance$0 (15 bytes)
C1 CompilerThread0   320525 12161   !   3       com.google.common.cache.LocalCache$LocalLoadingCache::getUnchecked (19 bytes)
C2 CompilerThread1   320525 12141       4       java.lang.reflect.Constructor::newInstanceWithCaller (75 bytes)

VM state: not at safepoint (normal execution)

VM Mutex/Monitor currently owned by a thread: None

Heap address: 0x0000000080000000, size: 2048 MB, Compressed Oops mode: 32-bit

CDS archive(s) not mapped
Compressed class space mapped at: 0x0000000100000000-0x0000000140000000, reserved size: 1073741824
Narrow klass base: 0x0000000000000000, Narrow klass shift: 3, Narrow klass range: 0x140000000

GC Precious Log:
 CPUs: 8 total, 8 available
 Memory: 7926M
 Large Page Support: Disabled
 NUMA Support: Disabled
 Compressed Oops: Enabled (32-bit)
 Heap Region Size: 1M
 Heap Min Capacity: 8M
 Heap Initial Capacity: 124M
 Heap Max Capacity: 2G
 Pre-touch: Disabled
 Parallel Workers: 8
 Concurrent Workers: 2
 Concurrent Refinement Workers: 8
 Periodic GC: Disabled

Heap:
 garbage-first heap   total 270336K, used 211858K [0x0000000080000000, 0x0000000100000000)
  region size 1024K, 133 young (136192K), 3 survivors (3072K)
 Metaspace       used 94382K, committed 95104K, reserved 1130496K
  class space    used 12845K, committed 13184K, reserved 1048576K

Heap Regions: E=young(eden), S=young(survivor), O=old, HS=humongous(starts), HC=humongous(continues), CS=collection set, F=free, OA=open archive, CA=closed archive, TAMS=top-at-mark-start (previous, next)
|   0|0x0000000080000000, 0x0000000080100000, 0x0000000080100000|100%|HS|  |TAMS 0x0000000080100000, 0x0000000080000000| Complete 
|   1|0x0000000080100000, 0x0000000080200000, 0x0000000080200000|100%|HC|  |TAMS 0x0000000080200000, 0x0000000080100000| Complete 
|   2|0x0000000080200000, 0x0000000080300000, 0x0000000080300000|100%|HC|  |TAMS 0x0000000080300000, 0x0000000080200000| Complete 
|   3|0x0000000080300000, 0x0000000080400000, 0x0000000080400000|100%|HC|  |TAMS 0x0000000080400000, 0x0000000080300000| Complete 
|   4|0x0000000080400000, 0x0000000080500000, 0x0000000080500000|100%| O|  |TAMS 0x0000000080500000, 0x0000000080400000| Untracked 
|   5|0x0000000080500000, 0x0000000080600000, 0x0000000080600000|100%| O|  |TAMS 0x0000000080600000, 0x0000000080500000| Untracked 
|   6|0x0000000080600000, 0x0000000080700000, 0x0000000080700000|100%| O|  |TAMS 0x0000000080700000, 0x0000000080600000| Untracked 
|   7|0x0000000080700000, 0x0000000080800000, 0x0000000080800000|100%| O|  |TAMS 0x0000000080800000, 0x0000000080700000| Untracked 
|   8|0x0000000080800000, 0x0000000080900000, 0x0000000080900000|100%| O|  |TAMS 0x0000000080900000, 0x0000000080800000| Untracked 
|   9|0x0000000080900000, 0x0000000080a00000, 0x0000000080a00000|100%| O|  |TAMS 0x0000000080a00000, 0x0000000080900000| Untracked 
|  10|0x0000000080a00000, 0x0000000080b00000, 0x0000000080b00000|100%| O|  |TAMS 0x0000000080b00000, 0x0000000080a00000| Untracked 
|  11|0x0000000080b00000, 0x0000000080c00000, 0x0000000080c00000|100%| O|  |TAMS 0x0000000080c00000, 0x0000000080b00000| Untracked 
|  12|0x0000000080c00000, 0x0000000080d00000, 0x0000000080d00000|100%| O|  |TAMS 0x0000000080d00000, 0x0000000080c00000| Untracked 
|  13|0x0000000080d00000, 0x0000000080e00000, 0x0000000080e00000|100%| O|  |TAMS 0x0000000080e00000, 0x0000000080d00000| Untracked 
|  14|0x0000000080e00000, 0x0000000080f00000, 0x0000000080f00000|100%| O|  |TAMS 0x0000000080f00000, 0x0000000080e00000| Untracked 
|  15|0x0000000080f00000, 0x0000000081000000, 0x0000000081000000|100%| O|  |TAMS 0x0000000081000000, 0x0000000080f00000| Untracked 
|  16|0x0000000081000000, 0x0000000081100000, 0x0000000081100000|100%| O|  |TAMS 0x0000000081100000, 0x0000000081000000| Untracked 
|  17|0x0000000081100000, 0x0000000081200000, 0x0000000081200000|100%| O|  |TAMS 0x0000000081200000, 0x0000000081100000| Untracked 
|  18|0x0000000081200000, 0x0000000081300000, 0x0000000081300000|100%| O|  |TAMS 0x0000000081300000, 0x0000000081200000| Untracked 
|  19|0x0000000081300000, 0x0000000081400000, 0x0000000081400000|100%| O|  |TAMS 0x0000000081400000, 0x0000000081300000| Untracked 
|  20|0x0000000081400000, 0x0000000081500000, 0x0000000081500000|100%| O|  |TAMS 0x0000000081500000, 0x0000000081400000| Untracked 
|  21|0x0000000081500000, 0x0000000081600000, 0x0000000081600000|100%| O|  |TAMS 0x0000000081600000, 0x0000000081500000| Untracked 
|  22|0x0000000081600000, 0x0000000081700000, 0x0000000081700000|100%| O|  |TAMS 0x0000000081700000, 0x0000000081600000| Untracked 
|  23|0x0000000081700000, 0x0000000081800000, 0x0000000081800000|100%| O|  |TAMS 0x0000000081800000, 0x0000000081700000| Untracked 
|  24|0x0000000081800000, 0x0000000081900000, 0x0000000081900000|100%| O|  |TAMS 0x0000000081900000, 0x0000000081800000| Untracked 
|  25|0x0000000081900000, 0x0000000081a00000, 0x0000000081a00000|100%|HS|  |TAMS 0x0000000081a00000, 0x0000000081900000| Complete 
|  26|0x0000000081a00000, 0x0000000081b00000, 0x0000000081b00000|100%|HS|  |TAMS 0x0000000081b00000, 0x0000000081a00000| Complete 
|  27|0x0000000081b00000, 0x0000000081c00000, 0x0000000081c00000|100%| O|  |TAMS 0x0000000081c00000, 0x0000000081b00000| Untracked 
|  28|0x0000000081c00000, 0x0000000081d00000, 0x0000000081d00000|100%| O|  |TAMS 0x0000000081d00000, 0x0000000081c00000| Untracked 
|  29|0x0000000081d00000, 0x0000000081e00000, 0x0000000081e00000|100%| O|  |TAMS 0x0000000081e00000, 0x0000000081d00000| Untracked 
|  30|0x0000000081e00000, 0x0000000081f00000, 0x0000000081f00000|100%| O|  |TAMS 0x0000000081f00000, 0x0000000081e00000| Untracked 
|  31|0x0000000081f00000, 0x0000000082000000, 0x0000000082000000|100%| O|  |TAMS 0x0000000082000000, 0x0000000081f00000| Untracked 
|  32|0x0000000082000000, 0x0000000082100000, 0x0000000082100000|100%|HS|  |TAMS 0x0000000082100000, 0x0000000082000000| Complete 
|  33|0x0000000082100000, 0x0000000082200000, 0x0000000082200000|100%| O|  |TAMS 0x0000000082200000, 0x0000000082100000| Untracked 
|  34|0x0000000082200000, 0x0000000082300000, 0x0000000082300000|100%| O|  |TAMS 0x0000000082300000, 0x0000000082200000| Untracked 
|  35|0x0000000082300000, 0x0000000082400000, 0x0000000082400000|100%| O|  |TAMS 0x0000000082400000, 0x0000000082300000| Untracked 
|  36|0x0000000082400000, 0x0000000082500000, 0x0000000082500000|100%| O|  |TAMS 0x0000000082500000, 0x0000000082400000| Untracked 
|  37|0x0000000082500000, 0x0000000082600000, 0x0000000082600000|100%| O|  |TAMS 0x0000000082600000, 0x0000000082500000| Untracked 
|  38|0x0000000082600000, 0x0000000082700000, 0x0000000082700000|100%| O|  |TAMS 0x0000000082700000, 0x0000000082600000| Untracked 
|  39|0x0000000082700000, 0x0000000082800000, 0x0000000082800000|100%|HS|  |TAMS 0x0000000082700000, 0x0000000082700000| Complete 
|  40|0x0000000082800000, 0x0000000082900000, 0x0000000082900000|100%| O|  |TAMS 0x0000000082800000, 0x0000000082800000| Untracked 
|  41|0x0000000082900000, 0x0000000082a00000, 0x0000000082a00000|100%| O|  |TAMS 0x0000000082a00000, 0x0000000082900000| Untracked 
|  42|0x0000000082a00000, 0x0000000082b00000, 0x0000000082b00000|100%| O|  |TAMS 0x0000000082b00000, 0x0000000082a00000| Untracked 
|  43|0x0000000082b00000, 0x0000000082b00000, 0x0000000082c00000|  0%| F|  |TAMS 0x0000000082b00000, 0x0000000082b00000| Untracked 
|  44|0x0000000082c00000, 0x0000000082d00000, 0x0000000082d00000|100%| O|  |TAMS 0x0000000082d00000, 0x0000000082c00000| Untracked 
|  45|0x0000000082d00000, 0x0000000082e00000, 0x0000000082e00000|100%| O|  |TAMS 0x0000000082e00000, 0x0000000082d00000| Untracked 
|  46|0x0000000082e00000, 0x0000000082f00000, 0x0000000082f00000|100%| O|  |TAMS 0x0000000082f00000, 0x0000000082e00000| Untracked 
|  47|0x0000000082f00000, 0x0000000083000000, 0x0000000083000000|100%| O|  |TAMS 0x0000000083000000, 0x0000000082f00000| Untracked 
|  48|0x0000000083000000, 0x0000000083100000, 0x0000000083100000|100%| O|  |TAMS 0x0000000083100000, 0x0000000083000000| Untracked 
|  49|0x0000000083100000, 0x0000000083200000, 0x0000000083200000|100%| O|  |TAMS 0x0000000083200000, 0x0000000083100000| Untracked 
|  50|0x0000000083200000, 0x0000000083300000, 0x0000000083300000|100%| O|  |TAMS 0x0000000083300000, 0x0000000083200000| Untracked 
|  51|0x0000000083300000, 0x0000000083400000, 0x0000000083400000|100%| O|  |TAMS 0x0000000083400000, 0x0000000083300000| Untracked 
|  52|0x0000000083400000, 0x0000000083500000, 0x0000000083500000|100%| O|  |TAMS 0x0000000083500000, 0x0000000083400000| Untracked 
|  53|0x0000000083500000, 0x0000000083600000, 0x0000000083600000|100%| O|  |TAMS 0x0000000083600000, 0x0000000083500000| Untracked 
|  54|0x0000000083600000, 0x0000000083700000, 0x0000000083700000|100%| O|  |TAMS 0x0000000083700000, 0x0000000083600000| Untracked 
|  55|0x0000000083700000, 0x0000000083800000, 0x0000000083800000|100%| O|  |TAMS 0x0000000083800000, 0x0000000083700000| Untracked 
|  56|0x0000000083800000, 0x0000000083900000, 0x0000000083900000|100%| O|  |TAMS 0x0000000083900000, 0x0000000083800000| Untracked 
|  57|0x0000000083900000, 0x0000000083a00000, 0x0000000083a00000|100%| O|  |TAMS 0x0000000083a00000, 0x0000000083900000| Untracked 
|  58|0x0000000083a00000, 0x0000000083b00000, 0x0000000083b00000|100%| O|  |TAMS 0x0000000083b00000, 0x0000000083a00000| Untracked 
|  59|0x0000000083b00000, 0x0000000083c00000, 0x0000000083c00000|100%| O|  |TAMS 0x0000000083c00000, 0x0000000083b00000| Untracked 
|  60|0x0000000083c00000, 0x0000000083d00000, 0x0000000083d00000|100%| O|  |TAMS 0x0000000083d00000, 0x0000000083c00000| Untracked 
|  61|0x0000000083d00000, 0x0000000083e00000, 0x0000000083e00000|100%| O|  |TAMS 0x0000000083e00000, 0x0000000083d00000| Untracked 
|  62|0x0000000083e00000, 0x0000000083f00000, 0x0000000083f00000|100%| O|  |TAMS 0x0000000083f00000, 0x0000000083e00000| Untracked 
|  63|0x0000000083f00000, 0x0000000084000000, 0x0000000084000000|100%| O|  |TAMS 0x0000000084000000, 0x0000000083f00000| Untracked 
|  64|0x0000000084000000, 0x0000000084100000, 0x0000000084100000|100%| O|  |TAMS 0x0000000084100000, 0x0000000084000000| Untracked 
|  65|0x0000000084100000, 0x0000000084200000, 0x0000000084200000|100%| O|  |TAMS 0x0000000084200000, 0x0000000084100000| Untracked 
|  66|0x0000000084200000, 0x0000000084300000, 0x0000000084300000|100%| O|  |TAMS 0x0000000084300000, 0x0000000084200000| Untracked 
|  67|0x0000000084300000, 0x0000000084400000, 0x0000000084400000|100%| O|  |TAMS 0x0000000084400000, 0x0000000084300000| Untracked 
|  68|0x0000000084400000, 0x0000000084500000, 0x0000000084500000|100%| O|  |TAMS 0x0000000084500000, 0x0000000084400000| Untracked 
|  69|0x0000000084500000, 0x0000000084600000, 0x0000000084600000|100%| O|  |TAMS 0x0000000084600000, 0x0000000084500000| Untracked 
|  70|0x0000000084600000, 0x0000000084700000, 0x0000000084700000|100%| O|  |TAMS 0x00000000846fac00, 0x0000000084600000| Untracked 
|  71|0x0000000084700000, 0x0000000084800000, 0x0000000084800000|100%| O|  |TAMS 0x0000000084700000, 0x0000000084700000| Untracked 
|  72|0x0000000084800000, 0x0000000084900000, 0x0000000084900000|100%| O|  |TAMS 0x0000000084800000, 0x0000000084800000| Untracked 
|  73|0x0000000084900000, 0x0000000084a00000, 0x0000000084a00000|100%| O|  |TAMS 0x0000000084900000, 0x0000000084900000| Untracked 
|  74|0x0000000084a00000, 0x0000000084b00000, 0x0000000084b00000|100%| O|  |TAMS 0x0000000084a00000, 0x0000000084a00000| Untracked 
|  75|0x0000000084b00000, 0x0000000084c00000, 0x0000000084c00000|100%| O|  |TAMS 0x0000000084b00000, 0x0000000084b00000| Untracked 
|  76|0x0000000084c00000, 0x0000000084d00000, 0x0000000084d00000|100%| O|  |TAMS 0x0000000084c00000, 0x0000000084c00000| Untracked 
|  77|0x0000000084d00000, 0x0000000084d60400, 0x0000000084e00000| 37%| O|  |TAMS 0x0000000084d00000, 0x0000000084d00000| Untracked 
|  78|0x0000000084e00000, 0x0000000084e00000, 0x0000000084f00000|  0%| F|  |TAMS 0x0000000084e00000, 0x0000000084e00000| Untracked 
|  79|0x0000000084f00000, 0x0000000084f00000, 0x0000000085000000|  0%| F|  |TAMS 0x0000000084f00000, 0x0000000084f00000| Untracked 
|  80|0x0000000085000000, 0x0000000085000000, 0x0000000085100000|  0%| F|  |TAMS 0x0000000085000000, 0x0000000085000000| Untracked 
|  81|0x0000000085100000, 0x0000000085100000, 0x0000000085200000|  0%| F|  |TAMS 0x0000000085100000, 0x0000000085100000| Untracked 
|  82|0x0000000085200000, 0x0000000085200000, 0x0000000085300000|  0%| F|  |TAMS 0x0000000085200000, 0x0000000085200000| Untracked 
|  83|0x0000000085300000, 0x0000000085300000, 0x0000000085400000|  0%| F|  |TAMS 0x0000000085300000, 0x0000000085300000| Untracked 
|  84|0x0000000085400000, 0x0000000085400000, 0x0000000085500000|  0%| F|  |TAMS 0x0000000085400000, 0x0000000085400000| Untracked 
|  85|0x0000000085500000, 0x0000000085500000, 0x0000000085600000|  0%| F|  |TAMS 0x0000000085500000, 0x0000000085500000| Untracked 
|  86|0x0000000085600000, 0x0000000085600000, 0x0000000085700000|  0%| F|  |TAMS 0x0000000085600000, 0x0000000085600000| Untracked 
|  87|0x0000000085700000, 0x0000000085700000, 0x0000000085800000|  0%| F|  |TAMS 0x0000000085700000, 0x0000000085700000| Untracked 
|  88|0x0000000085800000, 0x0000000085800000, 0x0000000085900000|  0%| F|  |TAMS 0x0000000085800000, 0x0000000085800000| Untracked 
|  89|0x0000000085900000, 0x0000000085900000, 0x0000000085a00000|  0%| F|  |TAMS 0x0000000085900000, 0x0000000085900000| Untracked 
|  90|0x0000000085a00000, 0x0000000085a00000, 0x0000000085b00000|  0%| F|  |TAMS 0x0000000085a00000, 0x0000000085a00000| Untracked 
|  91|0x0000000085b00000, 0x0000000085b00000, 0x0000000085c00000|  0%| F|  |TAMS 0x0000000085b00000, 0x0000000085b00000| Untracked 
|  92|0x0000000085c00000, 0x0000000085c00000, 0x0000000085d00000|  0%| F|  |TAMS 0x0000000085c00000, 0x0000000085c00000| Untracked 
|  93|0x0000000085d00000, 0x0000000085d00000, 0x0000000085e00000|  0%| F|  |TAMS 0x0000000085d00000, 0x0000000085d00000| Untracked 
|  94|0x0000000085e00000, 0x0000000085e00000, 0x0000000085f00000|  0%| F|  |TAMS 0x0000000085e00000, 0x0000000085e00000| Untracked 
|  95|0x0000000085f00000, 0x0000000085f00000, 0x0000000086000000|  0%| F|  |TAMS 0x0000000085f00000, 0x0000000085f00000| Untracked 
|  96|0x0000000086000000, 0x0000000086000000, 0x0000000086100000|  0%| F|  |TAMS 0x0000000086000000, 0x0000000086000000| Untracked 
|  97|0x0000000086100000, 0x00000000861844b8, 0x0000000086200000| 51%| S|CS|TAMS 0x0000000086100000, 0x0000000086100000| Complete 
|  98|0x0000000086200000, 0x0000000086300000, 0x0000000086300000|100%| S|CS|TAMS 0x0000000086200000, 0x0000000086200000| Complete 
|  99|0x0000000086300000, 0x0000000086400000, 0x0000000086400000|100%| S|CS|TAMS 0x0000000086300000, 0x0000000086300000| Complete 
| 100|0x0000000086400000, 0x0000000086400000, 0x0000000086500000|  0%| F|  |TAMS 0x0000000086400000, 0x0000000086400000| Untracked 
| 101|0x0000000086500000, 0x0000000086500000, 0x0000000086600000|  0%| F|  |TAMS 0x0000000086500000, 0x0000000086500000| Untracked 
| 102|0x0000000086600000, 0x0000000086600000, 0x0000000086700000|  0%| F|  |TAMS 0x0000000086600000, 0x0000000086600000| Untracked 
| 103|0x0000000086700000, 0x0000000086700000, 0x0000000086800000|  0%| F|  |TAMS 0x0000000086700000, 0x0000000086700000| Untracked 
| 104|0x0000000086800000, 0x0000000086800000, 0x0000000086900000|  0%| F|  |TAMS 0x0000000086800000, 0x0000000086800000| Untracked 
| 105|0x0000000086900000, 0x0000000086900000, 0x0000000086a00000|  0%| F|  |TAMS 0x0000000086900000, 0x0000000086900000| Untracked 
| 106|0x0000000086a00000, 0x0000000086a00000, 0x0000000086b00000|  0%| F|  |TAMS 0x0000000086a00000, 0x0000000086a00000| Untracked 
| 107|0x0000000086b00000, 0x0000000086b00000, 0x0000000086c00000|  0%| F|  |TAMS 0x0000000086b00000, 0x0000000086b00000| Untracked 
| 108|0x0000000086c00000, 0x0000000086c00000, 0x0000000086d00000|  0%| F|  |TAMS 0x0000000086c00000, 0x0000000086c00000| Untracked 
| 109|0x0000000086d00000, 0x0000000086d00000, 0x0000000086e00000|  0%| F|  |TAMS 0x0000000086d00000, 0x0000000086d00000| Untracked 
| 110|0x0000000086e00000, 0x0000000086e00000, 0x0000000086f00000|  0%| F|  |TAMS 0x0000000086e00000, 0x0000000086e00000| Untracked 
| 111|0x0000000086f00000, 0x0000000086f00000, 0x0000000087000000|  0%| F|  |TAMS 0x0000000086f00000, 0x0000000086f00000| Untracked 
| 112|0x0000000087000000, 0x0000000087000000, 0x0000000087100000|  0%| F|  |TAMS 0x0000000087000000, 0x0000000087000000| Untracked 
| 113|0x0000000087100000, 0x0000000087100000, 0x0000000087200000|  0%| F|  |TAMS 0x0000000087100000, 0x0000000087100000| Untracked 
| 114|0x0000000087200000, 0x0000000087200000, 0x0000000087300000|  0%| F|  |TAMS 0x0000000087200000, 0x0000000087200000| Untracked 
| 115|0x0000000087300000, 0x0000000087300000, 0x0000000087400000|  0%| F|  |TAMS 0x0000000087300000, 0x0000000087300000| Untracked 
| 116|0x0000000087400000, 0x0000000087400000, 0x0000000087500000|  0%| F|  |TAMS 0x0000000087400000, 0x0000000087400000| Untracked 
| 117|0x0000000087500000, 0x0000000087500000, 0x0000000087600000|  0%| F|  |TAMS 0x0000000087500000, 0x0000000087500000| Untracked 
| 118|0x0000000087600000, 0x0000000087600000, 0x0000000087700000|  0%| F|  |TAMS 0x0000000087600000, 0x0000000087600000| Untracked 
| 119|0x0000000087700000, 0x0000000087700000, 0x0000000087800000|  0%| F|  |TAMS 0x0000000087700000, 0x0000000087700000| Untracked 
| 120|0x0000000087800000, 0x0000000087800000, 0x0000000087900000|  0%| F|  |TAMS 0x0000000087800000, 0x0000000087800000| Untracked 
| 121|0x0000000087900000, 0x0000000087900000, 0x0000000087a00000|  0%| F|  |TAMS 0x0000000087900000, 0x0000000087900000| Untracked 
| 122|0x0000000087a00000, 0x0000000087a00000, 0x0000000087b00000|  0%| F|  |TAMS 0x0000000087a00000, 0x0000000087a00000| Untracked 
| 123|0x0000000087b00000, 0x0000000087b00000, 0x0000000087c00000|  0%| F|  |TAMS 0x0000000087b00000, 0x0000000087b00000| Untracked 
| 124|0x0000000087c00000, 0x0000000087c00000, 0x0000000087d00000|  0%| F|  |TAMS 0x0000000087c00000, 0x0000000087c00000| Untracked 
| 125|0x0000000087d00000, 0x0000000087d00000, 0x0000000087e00000|  0%| F|  |TAMS 0x0000000087d00000, 0x0000000087d00000| Untracked 
| 126|0x0000000087e00000, 0x0000000087e00000, 0x0000000087f00000|  0%| F|  |TAMS 0x0000000087e00000, 0x0000000087e00000| Untracked 
| 127|0x0000000087f00000, 0x0000000087f00000, 0x0000000088000000|  0%| F|  |TAMS 0x0000000087f00000, 0x0000000087f00000| Untracked 
| 128|0x0000000088000000, 0x0000000088000000, 0x0000000088100000|  0%| F|  |TAMS 0x0000000088000000, 0x0000000088000000| Untracked 
| 129|0x0000000088100000, 0x0000000088100000, 0x0000000088200000|  0%| F|  |TAMS 0x0000000088100000, 0x0000000088100000| Untracked 
| 130|0x0000000088200000, 0x0000000088200000, 0x0000000088300000|  0%| F|  |TAMS 0x0000000088200000, 0x0000000088200000| Untracked 
| 131|0x0000000088300000, 0x0000000088300000, 0x0000000088400000|  0%| F|  |TAMS 0x0000000088300000, 0x0000000088300000| Untracked 
| 132|0x0000000088400000, 0x0000000088400000, 0x0000000088500000|  0%| F|  |TAMS 0x0000000088400000, 0x0000000088400000| Untracked 
| 133|0x0000000088500000, 0x0000000088500000, 0x0000000088600000|  0%| F|  |TAMS 0x0000000088500000, 0x0000000088500000| Untracked 
| 134|0x0000000088600000, 0x00000000886ad2a8, 0x0000000088700000| 67%| E|  |TAMS 0x0000000088600000, 0x0000000088600000| Complete 
| 135|0x0000000088700000, 0x0000000088800000, 0x0000000088800000|100%| E|CS|TAMS 0x0000000088700000, 0x0000000088700000| Complete 
| 136|0x0000000088800000, 0x0000000088900000, 0x0000000088900000|100%| E|CS|TAMS 0x0000000088800000, 0x0000000088800000| Complete 
| 137|0x0000000088900000, 0x0000000088a00000, 0x0000000088a00000|100%| E|CS|TAMS 0x0000000088900000, 0x0000000088900000| Complete 
| 138|0x0000000088a00000, 0x0000000088b00000, 0x0000000088b00000|100%| E|CS|TAMS 0x0000000088a00000, 0x0000000088a00000| Complete 
| 139|0x0000000088b00000, 0x0000000088c00000, 0x0000000088c00000|100%| E|CS|TAMS 0x0000000088b00000, 0x0000000088b00000| Complete 
| 140|0x0000000088c00000, 0x0000000088d00000, 0x0000000088d00000|100%| E|CS|TAMS 0x0000000088c00000, 0x0000000088c00000| Complete 
| 141|0x0000000088d00000, 0x0000000088e00000, 0x0000000088e00000|100%| E|CS|TAMS 0x0000000088d00000, 0x0000000088d00000| Complete 
| 142|0x0000000088e00000, 0x0000000088f00000, 0x0000000088f00000|100%| E|CS|TAMS 0x0000000088e00000, 0x0000000088e00000| Complete 
| 143|0x0000000088f00000, 0x0000000089000000, 0x0000000089000000|100%| E|CS|TAMS 0x0000000088f00000, 0x0000000088f00000| Complete 
| 144|0x0000000089000000, 0x0000000089100000, 0x0000000089100000|100%| E|CS|TAMS 0x0000000089000000, 0x0000000089000000| Complete 
| 145|0x0000000089100000, 0x0000000089200000, 0x0000000089200000|100%| E|CS|TAMS 0x0000000089100000, 0x0000000089100000| Complete 
| 146|0x0000000089200000, 0x0000000089300000, 0x0000000089300000|100%| E|CS|TAMS 0x0000000089200000, 0x0000000089200000| Complete 
| 147|0x0000000089300000, 0x0000000089400000, 0x0000000089400000|100%| E|CS|TAMS 0x0000000089300000, 0x0000000089300000| Complete 
| 148|0x0000000089400000, 0x0000000089500000, 0x0000000089500000|100%| E|CS|TAMS 0x0000000089400000, 0x0000000089400000| Complete 
| 149|0x0000000089500000, 0x0000000089600000, 0x0000000089600000|100%| E|CS|TAMS 0x0000000089500000, 0x0000000089500000| Complete 
| 150|0x0000000089600000, 0x0000000089700000, 0x0000000089700000|100%| E|CS|TAMS 0x0000000089600000, 0x0000000089600000| Complete 
| 151|0x0000000089700000, 0x0000000089800000, 0x0000000089800000|100%| E|CS|TAMS 0x0000000089700000, 0x0000000089700000| Complete 
| 152|0x0000000089800000, 0x0000000089900000, 0x0000000089900000|100%| E|CS|TAMS 0x0000000089800000, 0x0000000089800000| Complete 
| 153|0x0000000089900000, 0x0000000089a00000, 0x0000000089a00000|100%| E|CS|TAMS 0x0000000089900000, 0x0000000089900000| Complete 
| 154|0x0000000089a00000, 0x0000000089b00000, 0x0000000089b00000|100%| E|CS|TAMS 0x0000000089a00000, 0x0000000089a00000| Complete 
| 155|0x0000000089b00000, 0x0000000089c00000, 0x0000000089c00000|100%| E|CS|TAMS 0x0000000089b00000, 0x0000000089b00000| Complete 
| 156|0x0000000089c00000, 0x0000000089d00000, 0x0000000089d00000|100%| E|CS|TAMS 0x0000000089c00000, 0x0000000089c00000| Complete 
| 157|0x0000000089d00000, 0x0000000089e00000, 0x0000000089e00000|100%| E|CS|TAMS 0x0000000089d00000, 0x0000000089d00000| Complete 
| 158|0x0000000089e00000, 0x0000000089f00000, 0x0000000089f00000|100%| E|CS|TAMS 0x0000000089e00000, 0x0000000089e00000| Complete 
| 159|0x0000000089f00000, 0x000000008a000000, 0x000000008a000000|100%| E|CS|TAMS 0x0000000089f00000, 0x0000000089f00000| Complete 
| 160|0x000000008a000000, 0x000000008a100000, 0x000000008a100000|100%| E|CS|TAMS 0x000000008a000000, 0x000000008a000000| Complete 
| 161|0x000000008a100000, 0x000000008a200000, 0x000000008a200000|100%| E|CS|TAMS 0x000000008a100000, 0x000000008a100000| Complete 
| 162|0x000000008a200000, 0x000000008a300000, 0x000000008a300000|100%| E|CS|TAMS 0x000000008a200000, 0x000000008a200000| Complete 
| 163|0x000000008a300000, 0x000000008a400000, 0x000000008a400000|100%| E|CS|TAMS 0x000000008a300000, 0x000000008a300000| Complete 
| 164|0x000000008a400000, 0x000000008a500000, 0x000000008a500000|100%| E|CS|TAMS 0x000000008a400000, 0x000000008a400000| Complete 
| 165|0x000000008a500000, 0x000000008a600000, 0x000000008a600000|100%| E|CS|TAMS 0x000000008a500000, 0x000000008a500000| Complete 
| 166|0x000000008a600000, 0x000000008a700000, 0x000000008a700000|100%| E|  |TAMS 0x000000008a600000, 0x000000008a600000| Complete 
| 167|0x000000008a700000, 0x000000008a800000, 0x000000008a800000|100%| E|CS|TAMS 0x000000008a700000, 0x000000008a700000| Complete 
| 168|0x000000008a800000, 0x000000008a900000, 0x000000008a900000|100%| E|CS|TAMS 0x000000008a800000, 0x000000008a800000| Complete 
| 169|0x000000008a900000, 0x000000008aa00000, 0x000000008aa00000|100%| E|CS|TAMS 0x000000008a900000, 0x000000008a900000| Complete 
| 170|0x000000008aa00000, 0x000000008ab00000, 0x000000008ab00000|100%| E|CS|TAMS 0x000000008aa00000, 0x000000008aa00000| Complete 
| 171|0x000000008ab00000, 0x000000008ac00000, 0x000000008ac00000|100%| E|CS|TAMS 0x000000008ab00000, 0x000000008ab00000| Complete 
| 172|0x000000008ac00000, 0x000000008ad00000, 0x000000008ad00000|100%| E|CS|TAMS 0x000000008ac00000, 0x000000008ac00000| Complete 
| 173|0x000000008ad00000, 0x000000008ae00000, 0x000000008ae00000|100%| E|CS|TAMS 0x000000008ad00000, 0x000000008ad00000| Complete 
| 174|0x000000008ae00000, 0x000000008af00000, 0x000000008af00000|100%| E|CS|TAMS 0x000000008ae00000, 0x000000008ae00000| Complete 
| 175|0x000000008af00000, 0x000000008b000000, 0x000000008b000000|100%| E|CS|TAMS 0x000000008af00000, 0x000000008af00000| Complete 
| 176|0x000000008b000000, 0x000000008b100000, 0x000000008b100000|100%| E|CS|TAMS 0x000000008b000000, 0x000000008b000000| Complete 
| 177|0x000000008b100000, 0x000000008b200000, 0x000000008b200000|100%| E|CS|TAMS 0x000000008b100000, 0x000000008b100000| Complete 
| 178|0x000000008b200000, 0x000000008b300000, 0x000000008b300000|100%| E|CS|TAMS 0x000000008b200000, 0x000000008b200000| Complete 
| 179|0x000000008b300000, 0x000000008b400000, 0x000000008b400000|100%| E|CS|TAMS 0x000000008b300000, 0x000000008b300000| Complete 
| 180|0x000000008b400000, 0x000000008b500000, 0x000000008b500000|100%| E|CS|TAMS 0x000000008b400000, 0x000000008b400000| Complete 
| 181|0x000000008b500000, 0x000000008b600000, 0x000000008b600000|100%| E|CS|TAMS 0x000000008b500000, 0x000000008b500000| Complete 
| 182|0x000000008b600000, 0x000000008b700000, 0x000000008b700000|100%| E|CS|TAMS 0x000000008b600000, 0x000000008b600000| Complete 
| 183|0x000000008b700000, 0x000000008b800000, 0x000000008b800000|100%| E|CS|TAMS 0x000000008b700000, 0x000000008b700000| Complete 
| 184|0x000000008b800000, 0x000000008b900000, 0x000000008b900000|100%| E|CS|TAMS 0x000000008b800000, 0x000000008b800000| Complete 
| 185|0x000000008b900000, 0x000000008ba00000, 0x000000008ba00000|100%| E|CS|TAMS 0x000000008b900000, 0x000000008b900000| Complete 
| 186|0x000000008ba00000, 0x000000008bb00000, 0x000000008bb00000|100%| E|CS|TAMS 0x000000008ba00000, 0x000000008ba00000| Complete 
| 187|0x000000008bb00000, 0x000000008bc00000, 0x000000008bc00000|100%| E|CS|TAMS 0x000000008bb00000, 0x000000008bb00000| Complete 
| 188|0x000000008bc00000, 0x000000008bd00000, 0x000000008bd00000|100%| E|CS|TAMS 0x000000008bc00000, 0x000000008bc00000| Complete 
| 189|0x000000008bd00000, 0x000000008be00000, 0x000000008be00000|100%| E|CS|TAMS 0x000000008bd00000, 0x000000008bd00000| Complete 
| 190|0x000000008be00000, 0x000000008bf00000, 0x000000008bf00000|100%| E|CS|TAMS 0x000000008be00000, 0x000000008be00000| Complete 
| 191|0x000000008bf00000, 0x000000008c000000, 0x000000008c000000|100%| E|CS|TAMS 0x000000008bf00000, 0x000000008bf00000| Complete 
| 192|0x000000008c000000, 0x000000008c100000, 0x000000008c100000|100%| E|CS|TAMS 0x000000008c000000, 0x000000008c000000| Complete 
| 193|0x000000008c100000, 0x000000008c200000, 0x000000008c200000|100%| E|CS|TAMS 0x000000008c100000, 0x000000008c100000| Complete 
| 194|0x000000008c200000, 0x000000008c300000, 0x000000008c300000|100%| E|CS|TAMS 0x000000008c200000, 0x000000008c200000| Complete 
| 195|0x000000008c300000, 0x000000008c400000, 0x000000008c400000|100%| E|CS|TAMS 0x000000008c300000, 0x000000008c300000| Complete 
| 196|0x000000008c400000, 0x000000008c500000, 0x000000008c500000|100%| E|CS|TAMS 0x000000008c400000, 0x000000008c400000| Complete 
| 197|0x000000008c500000, 0x000000008c600000, 0x000000008c600000|100%| E|CS|TAMS 0x000000008c500000, 0x000000008c500000| Complete 
| 198|0x000000008c600000, 0x000000008c700000, 0x000000008c700000|100%| E|CS|TAMS 0x000000008c600000, 0x000000008c600000| Complete 
| 199|0x000000008c700000, 0x000000008c800000, 0x000000008c800000|100%| E|CS|TAMS 0x000000008c700000, 0x000000008c700000| Complete 
| 200|0x000000008c800000, 0x000000008c900000, 0x000000008c900000|100%| E|CS|TAMS 0x000000008c800000, 0x000000008c800000| Complete 
| 201|0x000000008c900000, 0x000000008ca00000, 0x000000008ca00000|100%| E|CS|TAMS 0x000000008c900000, 0x000000008c900000| Complete 
| 202|0x000000008ca00000, 0x000000008cb00000, 0x000000008cb00000|100%| E|CS|TAMS 0x000000008ca00000, 0x000000008ca00000| Complete 
| 203|0x000000008cb00000, 0x000000008cc00000, 0x000000008cc00000|100%| E|CS|TAMS 0x000000008cb00000, 0x000000008cb00000| Complete 
| 204|0x000000008cc00000, 0x000000008cd00000, 0x000000008cd00000|100%| E|CS|TAMS 0x000000008cc00000, 0x000000008cc00000| Complete 
| 205|0x000000008cd00000, 0x000000008ce00000, 0x000000008ce00000|100%| E|CS|TAMS 0x000000008cd00000, 0x000000008cd00000| Complete 
| 206|0x000000008ce00000, 0x000000008cf00000, 0x000000008cf00000|100%| E|CS|TAMS 0x000000008ce00000, 0x000000008ce00000| Complete 
| 207|0x000000008cf00000, 0x000000008d000000, 0x000000008d000000|100%| E|CS|TAMS 0x000000008cf00000, 0x000000008cf00000| Complete 
| 208|0x000000008d000000, 0x000000008d100000, 0x000000008d100000|100%| E|CS|TAMS 0x000000008d000000, 0x000000008d000000| Complete 
| 209|0x000000008d100000, 0x000000008d200000, 0x000000008d200000|100%| E|CS|TAMS 0x000000008d100000, 0x000000008d100000| Complete 
| 210|0x000000008d200000, 0x000000008d300000, 0x000000008d300000|100%| E|CS|TAMS 0x000000008d200000, 0x000000008d200000| Complete 
| 211|0x000000008d300000, 0x000000008d400000, 0x000000008d400000|100%| E|CS|TAMS 0x000000008d300000, 0x000000008d300000| Complete 
| 212|0x000000008d400000, 0x000000008d500000, 0x000000008d500000|100%| E|CS|TAMS 0x000000008d400000, 0x000000008d400000| Complete 
| 213|0x000000008d500000, 0x000000008d600000, 0x000000008d600000|100%| E|CS|TAMS 0x000000008d500000, 0x000000008d500000| Complete 
| 214|0x000000008d600000, 0x000000008d700000, 0x000000008d700000|100%| E|CS|TAMS 0x000000008d600000, 0x000000008d600000| Complete 
| 215|0x000000008d700000, 0x000000008d800000, 0x000000008d800000|100%| E|CS|TAMS 0x000000008d700000, 0x000000008d700000| Complete 
| 216|0x000000008d800000, 0x000000008d900000, 0x000000008d900000|100%| E|CS|TAMS 0x000000008d800000, 0x000000008d800000| Complete 
| 217|0x000000008d900000, 0x000000008da00000, 0x000000008da00000|100%| E|CS|TAMS 0x000000008d900000, 0x000000008d900000| Complete 
| 218|0x000000008da00000, 0x000000008db00000, 0x000000008db00000|100%| E|CS|TAMS 0x000000008da00000, 0x000000008da00000| Complete 
| 219|0x000000008db00000, 0x000000008dc00000, 0x000000008dc00000|100%| E|CS|TAMS 0x000000008db00000, 0x000000008db00000| Complete 
| 220|0x000000008dc00000, 0x000000008dd00000, 0x000000008dd00000|100%| E|CS|TAMS 0x000000008dc00000, 0x000000008dc00000| Complete 
| 221|0x000000008dd00000, 0x000000008de00000, 0x000000008de00000|100%| E|CS|TAMS 0x000000008dd00000, 0x000000008dd00000| Complete 
| 222|0x000000008de00000, 0x000000008df00000, 0x000000008df00000|100%| E|CS|TAMS 0x000000008de00000, 0x000000008de00000| Complete 
| 223|0x000000008df00000, 0x000000008e000000, 0x000000008e000000|100%| E|CS|TAMS 0x000000008df00000, 0x000000008df00000| Complete 
| 224|0x000000008e000000, 0x000000008e100000, 0x000000008e100000|100%| E|CS|TAMS 0x000000008e000000, 0x000000008e000000| Complete 
| 225|0x000000008e100000, 0x000000008e200000, 0x000000008e200000|100%| E|CS|TAMS 0x000000008e100000, 0x000000008e100000| Complete 
| 226|0x000000008e200000, 0x000000008e300000, 0x000000008e300000|100%| E|CS|TAMS 0x000000008e200000, 0x000000008e200000| Complete 
| 227|0x000000008e300000, 0x000000008e400000, 0x000000008e400000|100%| E|CS|TAMS 0x000000008e300000, 0x000000008e300000| Complete 
| 228|0x000000008e400000, 0x000000008e500000, 0x000000008e500000|100%| E|CS|TAMS 0x000000008e400000, 0x000000008e400000| Complete 
| 229|0x000000008e500000, 0x000000008e600000, 0x000000008e600000|100%| E|CS|TAMS 0x000000008e500000, 0x000000008e500000| Complete 
| 230|0x000000008e600000, 0x000000008e700000, 0x000000008e700000|100%| E|CS|TAMS 0x000000008e600000, 0x000000008e600000| Complete 
| 231|0x000000008e700000, 0x000000008e800000, 0x000000008e800000|100%| E|CS|TAMS 0x000000008e700000, 0x000000008e700000| Complete 
| 232|0x000000008e800000, 0x000000008e900000, 0x000000008e900000|100%| E|CS|TAMS 0x000000008e800000, 0x000000008e800000| Complete 
| 233|0x000000008e900000, 0x000000008ea00000, 0x000000008ea00000|100%| E|CS|TAMS 0x000000008e900000, 0x000000008e900000| Complete 
| 234|0x000000008ea00000, 0x000000008eb00000, 0x000000008eb00000|100%| E|CS|TAMS 0x000000008ea00000, 0x000000008ea00000| Complete 
| 235|0x000000008eb00000, 0x000000008ec00000, 0x000000008ec00000|100%| E|CS|TAMS 0x000000008eb00000, 0x000000008eb00000| Complete 
| 236|0x000000008ec00000, 0x000000008ed00000, 0x000000008ed00000|100%| E|CS|TAMS 0x000000008ec00000, 0x000000008ec00000| Complete 
| 237|0x000000008ed00000, 0x000000008ee00000, 0x000000008ee00000|100%| E|CS|TAMS 0x000000008ed00000, 0x000000008ed00000| Complete 
| 238|0x000000008ee00000, 0x000000008ef00000, 0x000000008ef00000|100%| E|CS|TAMS 0x000000008ee00000, 0x000000008ee00000| Complete 
| 239|0x000000008ef00000, 0x000000008f000000, 0x000000008f000000|100%| E|CS|TAMS 0x000000008ef00000, 0x000000008ef00000| Complete 
| 240|0x000000008f000000, 0x000000008f100000, 0x000000008f100000|100%| E|CS|TAMS 0x000000008f000000, 0x000000008f000000| Complete 
| 241|0x000000008f100000, 0x000000008f200000, 0x000000008f200000|100%| E|CS|TAMS 0x000000008f100000, 0x000000008f100000| Complete 
| 242|0x000000008f200000, 0x000000008f300000, 0x000000008f300000|100%| E|CS|TAMS 0x000000008f200000, 0x000000008f200000| Complete 
| 243|0x000000008f300000, 0x000000008f400000, 0x000000008f400000|100%| E|CS|TAMS 0x000000008f300000, 0x000000008f300000| Complete 
| 244|0x000000008f400000, 0x000000008f500000, 0x000000008f500000|100%| E|CS|TAMS 0x000000008f400000, 0x000000008f400000| Complete 
| 245|0x000000008f500000, 0x000000008f600000, 0x000000008f600000|100%| E|CS|TAMS 0x000000008f500000, 0x000000008f500000| Complete 
| 246|0x000000008f600000, 0x000000008f700000, 0x000000008f700000|100%| E|CS|TAMS 0x000000008f600000, 0x000000008f600000| Complete 
| 247|0x000000008f700000, 0x000000008f800000, 0x000000008f800000|100%| E|CS|TAMS 0x000000008f700000, 0x000000008f700000| Complete 
| 248|0x000000008f800000, 0x000000008f900000, 0x000000008f900000|100%| E|CS|TAMS 0x000000008f800000, 0x000000008f800000| Complete 
| 249|0x000000008f900000, 0x000000008fa00000, 0x000000008fa00000|100%| E|CS|TAMS 0x000000008f900000, 0x000000008f900000| Complete 
| 250|0x000000008fa00000, 0x000000008fb00000, 0x000000008fb00000|100%| E|CS|TAMS 0x000000008fa00000, 0x000000008fa00000| Complete 
| 251|0x000000008fb00000, 0x000000008fc00000, 0x000000008fc00000|100%| E|CS|TAMS 0x000000008fb00000, 0x000000008fb00000| Complete 
| 252|0x000000008fc00000, 0x000000008fd00000, 0x000000008fd00000|100%| E|CS|TAMS 0x000000008fc00000, 0x000000008fc00000| Complete 
| 253|0x000000008fd00000, 0x000000008fe00000, 0x000000008fe00000|100%| E|CS|TAMS 0x000000008fd00000, 0x000000008fd00000| Complete 
| 254|0x000000008fe00000, 0x000000008ff00000, 0x000000008ff00000|100%| E|CS|TAMS 0x000000008fe00000, 0x000000008fe00000| Complete 
| 255|0x000000008ff00000, 0x0000000090000000, 0x0000000090000000|100%| E|CS|TAMS 0x000000008ff00000, 0x000000008ff00000| Complete 
| 256|0x0000000090000000, 0x0000000090100000, 0x0000000090100000|100%| E|CS|TAMS 0x0000000090000000, 0x0000000090000000| Complete 
| 257|0x0000000090100000, 0x0000000090200000, 0x0000000090200000|100%| E|CS|TAMS 0x0000000090100000, 0x0000000090100000| Complete 
| 258|0x0000000090200000, 0x0000000090300000, 0x0000000090300000|100%| E|CS|TAMS 0x0000000090200000, 0x0000000090200000| Complete 
| 259|0x0000000090300000, 0x0000000090400000, 0x0000000090400000|100%| E|CS|TAMS 0x0000000090300000, 0x0000000090300000| Complete 
| 260|0x0000000090400000, 0x0000000090500000, 0x0000000090500000|100%| E|CS|TAMS 0x0000000090400000, 0x0000000090400000| Complete 
| 261|0x0000000090500000, 0x0000000090600000, 0x0000000090600000|100%| E|CS|TAMS 0x0000000090500000, 0x0000000090500000| Complete 
| 262|0x0000000090600000, 0x0000000090700000, 0x0000000090700000|100%| E|CS|TAMS 0x0000000090600000, 0x0000000090600000| Complete 
| 263|0x0000000090700000, 0x0000000090800000, 0x0000000090800000|100%| E|CS|TAMS 0x0000000090700000, 0x0000000090700000| Complete 

Card table byte_map: [0x0000023dfe710000,0x0000023dfeb10000] _byte_map_base: 0x0000023dfe310000

Marking Bits (Prev, Next): (CMBitMap*) 0x0000023debb7c340, (CMBitMap*) 0x0000023debb7c300
 Prev Bits: [0x0000023d82000000, 0x0000023d84000000)
 Next Bits: [0x0000023d80000000, 0x0000023d82000000)

Polling page: 0x0000023deb2e0000

Metaspace:

Usage:
  Non-class:     79.63 MB used.
      Class:     12.54 MB used.
       Both:     92.17 MB used.

Virtual space:
  Non-class space:       80.00 MB reserved,      80.00 MB (100%) committed,  10 nodes.
      Class space:        1.00 GB reserved,      12.88 MB (  1%) committed,  1 nodes.
             Both:        1.08 GB reserved,      92.88 MB (  8%) committed. 

Chunk freelists:
   Non-Class:  32.00 KB
       Class:  2.97 MB
        Both:  3.00 MB

MaxMetaspaceSize: unlimited
CompressedClassSpaceSize: 1.00 GB
Initial GC threshold: 21.00 MB
Current GC threshold: 147.50 MB
CDS: off
MetaspaceReclaimPolicy: balanced
 - commit_granule_bytes: 65536.
 - commit_granule_words: 8192.
 - virtual_space_node_default_size: 1048576.
 - enlarge_chunks_in_place: 1.
 - new_chunks_are_fully_committed: 0.
 - uncommit_free_chunks: 1.
 - use_allocation_guard: 0.
 - handle_deallocations: 1.


Internal statistics:

num_allocs_failed_limit: 6.
num_arena_births: 1142.
num_arena_deaths: 0.
num_vsnodes_births: 11.
num_vsnodes_deaths: 0.
num_space_committed: 1485.
num_space_uncommitted: 0.
num_chunks_returned_to_freelist: 6.
num_chunks_taken_from_freelist: 4656.
num_chunk_merges: 6.
num_chunk_splits: 3037.
num_chunks_enlarged: 1993.
num_purges: 0.
num_inconsistent_stats: 0.

CodeHeap 'non-profiled nmethods': size=120000Kb used=6421Kb max_used=6421Kb free=113578Kb
 bounds [0x0000023df6ab0000, 0x0000023df7100000, 0x0000023dfdfe0000]
CodeHeap 'profiled nmethods': size=120000Kb used=20506Kb max_used=20506Kb free=99493Kb
 bounds [0x0000023deefe0000, 0x0000023df03f0000, 0x0000023df6510000]
CodeHeap 'non-nmethods': size=5760Kb used=2406Kb max_used=2469Kb free=3353Kb
 bounds [0x0000023df6510000, 0x0000023df6780000, 0x0000023df6ab0000]
 total_blobs=11449 nmethods=10524 adapters=837
 compilation: enabled
              stopped_count=0, restarted_count=0
 full_count=0

Compilation events (20 events):
Event: 320.424 Thread 0x0000023dff9d51f0 12143       3       org.gradle.api.specs.NotSpec::isSatisfiedBy (19 bytes)
Event: 320.425 Thread 0x0000023dff9d51f0 nmethod 12143 0x0000023df03deb10 code [0x0000023df03decc0, 0x0000023df03deee8]
Event: 320.425 Thread 0x0000023dff9d51f0 12146       3       org.gradle.internal.classpath.DefaultClassPath$ImmutableUniqueList::of (63 bytes)
Event: 320.426 Thread 0x0000023dff9d51f0 nmethod 12146 0x0000023df03def90 code [0x0000023df03df260, 0x0000023df03e0218]
Event: 320.426 Thread 0x0000023dff9d51f0 12144       3       org.gradle.api.internal.DependencyClassPathProvider$$Lambda$486/0x00000001005c84e0::isSatisfiedBy (8 bytes)
Event: 320.427 Thread 0x0000023dff9d51f0 nmethod 12144 0x0000023df03e0710 code [0x0000023df03e08e0, 0x0000023df03e0c38]
Event: 320.427 Thread 0x0000023dff9d51f0 12145       3       org.gradle.api.internal.DependencyClassPathProvider::lambda$initGradleApi$0 (10 bytes)
Event: 320.427 Thread 0x0000023dff9d51f0 nmethod 12145 0x0000023df03e0d90 code [0x0000023df03e0f40, 0x0000023df03e1118]
Event: 320.428 Thread 0x0000023dff9d51f0 12147       3       org.gradle.kotlin.dsl.provider.KotlinScriptClassPathProviderKt::access$isKotlinJar (5 bytes)
Event: 320.428 Thread 0x0000023dff9d51f0 nmethod 12147 0x0000023df03e1290 code [0x0000023df03e1420, 0x0000023df03e1528]
Event: 320.428 Thread 0x0000023dff9d51f0 12148       3       org.gradle.kotlin.dsl.provider.KotlinScriptClassPathProviderKt::isKotlinJar (30 bytes)
Event: 320.428 Thread 0x0000023dff9d51f0 nmethod 12148 0x0000023df03e1610 code [0x0000023df03e17e0, 0x0000023df03e1ad8]
Event: 320.428 Thread 0x0000023dff9d51f0 12149       3       org.gradle.kotlin.dsl.support.ProjectExtensionsKt::isGradleKotlinDslJarName (16 bytes)
Event: 320.429 Thread 0x0000023dff9d51f0 nmethod 12149 0x0000023df03e1c10 code [0x0000023df03e1e40, 0x0000023df03e2468]
Event: 320.446 Thread 0x0000023dff9d51f0 12153       3       org.gradle.internal.snapshot.RegularFileSnapshot::accept (8 bytes)
Event: 320.446 Thread 0x0000023dff9d51f0 nmethod 12153 0x0000023df03e2710 code [0x0000023df03e28c0, 0x0000023df03e2a88]
Event: 320.466 Thread 0x0000023dff9d51f0 12154       3       java.lang.Module::<init> (25 bytes)
Event: 320.468 Thread 0x0000023dff9d51f0 nmethod 12154 0x0000023df03e2b90 code [0x0000023df03e2d40, 0x0000023df03e2f98]
Event: 320.471 Thread 0x0000023dff9d51f0 12155       3       org.gradle.internal.service.InjectUtil::isInnerClass (23 bytes)
Event: 320.472 Thread 0x0000023dff9d51f0 nmethod 12155 0x0000023df03e3090 code [0x0000023df03e3280, 0x0000023df03e3788]

GC Heap History (20 events):
Event: 16.030 GC heap before
{Heap before GC invocations=32 (full 0):
 garbage-first heap   total 106496K, used 84024K [0x0000000080000000, 0x0000000100000000)
  region size 1024K, 27 young (27648K), 1 survivors (1024K)
 Metaspace       used 80516K, committed 81152K, reserved 1122304K
  class space    used 10951K, committed 11264K, reserved 1048576K
}
Event: 16.038 GC heap after
{Heap after GC invocations=33 (full 0):
 garbage-first heap   total 106496K, used 60413K [0x0000000080000000, 0x0000000100000000)
  region size 1024K, 3 young (3072K), 3 survivors (3072K)
 Metaspace       used 80516K, committed 81152K, reserved 1122304K
  class space    used 10951K, committed 11264K, reserved 1048576K
}
Event: 16.975 GC heap before
{Heap before GC invocations=34 (full 0):
 garbage-first heap   total 109568K, used 84989K [0x0000000080000000, 0x0000000100000000)
  region size 1024K, 28 young (28672K), 3 survivors (3072K)
 Metaspace       used 82947K, committed 83520K, reserved 1122304K
  class space    used 11308K, committed 11584K, reserved 1048576K
}
Event: 16.984 GC heap after
{Heap after GC invocations=35 (full 0):
 garbage-first heap   total 109568K, used 62059K [0x0000000080000000, 0x0000000100000000)
  region size 1024K, 2 young (2048K), 2 survivors (2048K)
 Metaspace       used 82947K, committed 83520K, reserved 1122304K
  class space    used 11308K, committed 11584K, reserved 1048576K
}
Event: 17.110 GC heap before
{Heap before GC invocations=35 (full 0):
 garbage-first heap   total 109568K, used 65131K [0x0000000080000000, 0x0000000100000000)
  region size 1024K, 5 young (5120K), 2 survivors (2048K)
 Metaspace       used 83441K, committed 84032K, reserved 1122304K
  class space    used 11385K, committed 11648K, reserved 1048576K
}
Event: 17.119 GC heap after
{Heap after GC invocations=36 (full 0):
 garbage-first heap   total 132096K, used 61754K [0x0000000080000000, 0x0000000100000000)
  region size 1024K, 1 young (1024K), 1 survivors (1024K)
 Metaspace       used 83441K, committed 84032K, reserved 1122304K
  class space    used 11385K, committed 11648K, reserved 1048576K
}
Event: 20.107 GC heap before
{Heap before GC invocations=36 (full 0):
 garbage-first heap   total 132096K, used 103738K [0x0000000080000000, 0x0000000100000000)
  region size 1024K, 42 young (43008K), 1 survivors (1024K)
 Metaspace       used 87787K, committed 88448K, reserved 1130496K
  class space    used 11995K, committed 12288K, reserved 1048576K
}
Event: 20.118 GC heap after
{Heap after GC invocations=37 (full 0):
 garbage-first heap   total 132096K, used 65428K [0x0000000080000000, 0x0000000100000000)
  region size 1024K, 4 young (4096K), 4 survivors (4096K)
 Metaspace       used 87787K, committed 88448K, reserved 1130496K
  class space    used 11995K, committed 12288K, reserved 1048576K
}
Event: 21.427 GC heap before
{Heap before GC invocations=38 (full 0):
 garbage-first heap   total 132096K, used 106388K [0x0000000080000000, 0x0000000100000000)
  region size 1024K, 44 young (45056K), 4 survivors (4096K)
 Metaspace       used 88114K, committed 88768K, reserved 1130496K
  class space    used 12031K, committed 12352K, reserved 1048576K
}
Event: 21.441 GC heap after
{Heap after GC invocations=39 (full 0):
 garbage-first heap   total 132096K, used 71845K [0x0000000080000000, 0x0000000100000000)
  region size 1024K, 6 young (6144K), 6 survivors (6144K)
 Metaspace       used 88114K, committed 88768K, reserved 1130496K
  class space    used 12031K, committed 12352K, reserved 1048576K
}
Event: 21.568 GC heap before
{Heap before GC invocations=39 (full 0):
 garbage-first heap   total 132096K, used 72869K [0x0000000080000000, 0x0000000100000000)
  region size 1024K, 7 young (7168K), 6 survivors (6144K)
 Metaspace       used 88292K, committed 88896K, reserved 1130496K
  class space    used 12067K, committed 12352K, reserved 1048576K
}
Event: 21.587 GC heap after
{Heap after GC invocations=40 (full 0):
 garbage-first heap   total 132096K, used 72683K [0x0000000080000000, 0x0000000100000000)
  region size 1024K, 1 young (1024K), 1 survivors (1024K)
 Metaspace       used 88292K, committed 88896K, reserved 1130496K
  class space    used 12067K, committed 12352K, reserved 1048576K
}
Event: 22.912 GC heap before
{Heap before GC invocations=40 (full 0):
 garbage-first heap   total 132096K, used 106475K [0x0000000080000000, 0x0000000100000000)
  region size 1024K, 34 young (34816K), 1 survivors (1024K)
 Metaspace       used 89933K, committed 90624K, reserved 1130496K
  class space    used 12397K, committed 12736K, reserved 1048576K
}
Event: 22.920 GC heap after
{Heap after GC invocations=41 (full 0):
 garbage-first heap   total 132096K, used 75823K [0x0000000080000000, 0x0000000100000000)
  region size 1024K, 5 young (5120K), 5 survivors (5120K)
 Metaspace       used 89933K, committed 90624K, reserved 1130496K
  class space    used 12397K, committed 12736K, reserved 1048576K
}
Event: 24.360 GC heap before
{Heap before GC invocations=42 (full 0):
 garbage-first heap   total 135168K, used 104495K [0x0000000080000000, 0x0000000100000000)
  region size 1024K, 34 young (34816K), 5 survivors (5120K)
 Metaspace       used 90178K, committed 90880K, reserved 1130496K
  class space    used 12402K, committed 12736K, reserved 1048576K
}
Event: 24.371 GC heap after
{Heap after GC invocations=43 (full 0):
 garbage-first heap   total 135168K, used 78170K [0x0000000080000000, 0x0000000100000000)
  region size 1024K, 4 young (4096K), 4 survivors (4096K)
 Metaspace       used 90178K, committed 90880K, reserved 1130496K
  class space    used 12402K, committed 12736K, reserved 1048576K
}
Event: 24.414 GC heap before
{Heap before GC invocations=43 (full 0):
 garbage-first heap   total 135168K, used 80218K [0x0000000080000000, 0x0000000100000000)
  region size 1024K, 6 young (6144K), 4 survivors (4096K)
 Metaspace       used 90188K, committed 90880K, reserved 1130496K
  class space    used 12402K, committed 12736K, reserved 1048576K
}
Event: 24.422 GC heap after
{Heap after GC invocations=44 (full 0):
 garbage-first heap   total 135168K, used 77749K [0x0000000080000000, 0x0000000100000000)
  region size 1024K, 1 young (1024K), 1 survivors (1024K)
 Metaspace       used 90188K, committed 90880K, reserved 1130496K
  class space    used 12402K, committed 12736K, reserved 1048576K
}
Event: 25.399 GC heap before
{Heap before GC invocations=44 (full 0):
 garbage-first heap   total 135168K, used 108469K [0x0000000080000000, 0x0000000100000000)
  region size 1024K, 32 young (32768K), 1 survivors (1024K)
 Metaspace       used 90581K, committed 91264K, reserved 1130496K
  class space    used 12434K, committed 12736K, reserved 1048576K
}
Event: 25.407 GC heap after
{Heap after GC invocations=45 (full 0):
 garbage-first heap   total 270336K, used 79762K [0x0000000080000000, 0x0000000100000000)
  region size 1024K, 3 young (3072K), 3 survivors (3072K)
 Metaspace       used 90581K, committed 91264K, reserved 1130496K
  class space    used 12434K, committed 12736K, reserved 1048576K
}

Dll operation events (2 events):
Event: 0.020 Loaded shared library C:\Program Files\Android\Android Studio\jbr\bin\java.dll
Event: 0.468 Loaded shared library C:\Program Files\Android\Android Studio\jbr\bin\verify.dll

Deoptimization events (20 events):
Event: 320.309 Thread 0x0000023d88e71430 Uncommon trap: trap_request=0xffffffc6 fr.pc=0x0000023df7090a8c relative=0x000000000000074c
Event: 320.309 Thread 0x0000023d88e71430 Uncommon trap: reason=bimorphic_or_optimized_type_check action=maybe_recompile pc=0x0000023df7090a8c method=org.gradle.internal.operations.DefaultBuildOperationListenerManager$ProgressShieldingBuildOperationListener.finished(Lorg/gradle/internal/operation
Event: 320.309 Thread 0x0000023d88e71430 DEOPT PACKING pc=0x0000023df7090a8c sp=0x000000b4c98fafb0
Event: 320.309 Thread 0x0000023d88e71430 DEOPT UNPACKING pc=0x0000023df656a1a3 sp=0x000000b4c98faf78 mode 2
Event: 320.364 Thread 0x0000023d88e71430 Uncommon trap: trap_request=0xffffffc6 fr.pc=0x0000023df7090a8c relative=0x000000000000074c
Event: 320.364 Thread 0x0000023d88e71430 Uncommon trap: reason=bimorphic_or_optimized_type_check action=maybe_recompile pc=0x0000023df7090a8c method=org.gradle.internal.operations.DefaultBuildOperationListenerManager$ProgressShieldingBuildOperationListener.finished(Lorg/gradle/internal/operation
Event: 320.364 Thread 0x0000023d88e71430 DEOPT PACKING pc=0x0000023df7090a8c sp=0x000000b4c98f91e0
Event: 320.364 Thread 0x0000023d88e71430 DEOPT UNPACKING pc=0x0000023df656a1a3 sp=0x000000b4c98f91a8 mode 2
Event: 320.455 Thread 0x0000023d88e71430 Uncommon trap: trap_request=0xffffffde fr.pc=0x0000023df7075178 relative=0x0000000000002bb8
Event: 320.455 Thread 0x0000023d88e71430 Uncommon trap: reason=class_check action=maybe_recompile pc=0x0000023df7075178 method=com.google.common.cache.LocalCache$Segment.setValue(Lcom/google/common/cache/ReferenceEntry;Ljava/lang/Object;Ljava/lang/Object;J)V @ 51 c2
Event: 320.455 Thread 0x0000023d88e71430 DEOPT PACKING pc=0x0000023df7075178 sp=0x000000b4c98fa8c0
Event: 320.455 Thread 0x0000023d88e71430 DEOPT UNPACKING pc=0x0000023df656a1a3 sp=0x000000b4c98fa7e8 mode 2
Event: 320.455 Thread 0x0000023d88e71430 Uncommon trap: trap_request=0xffffffde fr.pc=0x0000023df7075178 relative=0x0000000000002bb8
Event: 320.455 Thread 0x0000023d88e71430 Uncommon trap: reason=class_check action=maybe_recompile pc=0x0000023df7075178 method=com.google.common.cache.LocalCache$Segment.setValue(Lcom/google/common/cache/ReferenceEntry;Ljava/lang/Object;Ljava/lang/Object;J)V @ 51 c2
Event: 320.455 Thread 0x0000023d88e71430 DEOPT PACKING pc=0x0000023df7075178 sp=0x000000b4c98fa7d0
Event: 320.455 Thread 0x0000023d88e71430 DEOPT UNPACKING pc=0x0000023df656a1a3 sp=0x000000b4c98fa6f8 mode 2
Event: 320.455 Thread 0x0000023d88e71430 Uncommon trap: trap_request=0xffffffde fr.pc=0x0000023df7075178 relative=0x0000000000002bb8
Event: 320.455 Thread 0x0000023d88e71430 Uncommon trap: reason=class_check action=maybe_recompile pc=0x0000023df7075178 method=com.google.common.cache.LocalCache$Segment.setValue(Lcom/google/common/cache/ReferenceEntry;Ljava/lang/Object;Ljava/lang/Object;J)V @ 51 c2
Event: 320.455 Thread 0x0000023d88e71430 DEOPT PACKING pc=0x0000023df7075178 sp=0x000000b4c98fa7d0
Event: 320.455 Thread 0x0000023d88e71430 DEOPT UNPACKING pc=0x0000023df656a1a3 sp=0x000000b4c98fa6f8 mode 2

Classes unloaded (0 events):
No events

Classes redefined (0 events):
No events

Internal exceptions (20 events):
Event: 29.234 Thread 0x0000023d88e705c0 Exception <a 'java/lang/NoSuchMethodError'{0x000000008acf04c8}: 'java.lang.Object java.lang.invoke.DirectMethodHandle$Holder.invokeStatic(java.lang.Object, java.lang.Object, long, java.lang.Object)'> (0x000000008acf04c8) 
thrown [s\src\hotspot\share\interpreter\linkResolver.cpp, line 771]
Event: 29.235 Thread 0x0000023d88e705c0 Exception <a 'java/lang/NoSuchMethodError'{0x000000008acf3f48}: 'java.lang.Object java.lang.invoke.DirectMethodHandle$Holder.invokeStaticInit(java.lang.Object, java.lang.Object, long, java.lang.Object)'> (0x000000008acf3f48) 
thrown [s\src\hotspot\share\interpreter\linkResolver.cpp, line 771]
Event: 29.361 Thread 0x0000023d88ad46c0 Exception <a 'sun/nio/fs/WindowsException'{0x00000000906c55d0}> (0x00000000906c55d0) 
thrown [s\src\hotspot\share\prims\jni.cpp, line 517]
Event: 29.867 Thread 0x0000023d88e705c0 Exception <a 'java/lang/NoSuchMethodError'{0x000000008a4dc7d8}: 'int java.lang.invoke.DirectMethodHandle$Holder.invokeSpecialIFC(java.lang.Object, java.lang.Object, java.lang.Object)'> (0x000000008a4dc7d8) 
thrown [s\src\hotspot\share\interpreter\linkResolver.cpp, line 771]
Event: 45.173 Thread 0x0000023d88e705c0 Exception <a 'java/io/IOException'{0x000000008a381b18}> (0x000000008a381b18) 
thrown [s\src\hotspot\share\prims\jni.cpp, line 517]
Event: 45.221 Thread 0x0000023d8723ca10 Exception <a 'java/lang/NoSuchMethodError'{0x000000008a2fcba0}: static Lorg/gradle/internal/build/event/types/DefaultTaskFailureResult;.<clinit>()V> (0x000000008a2fcba0) 
thrown [s\src\hotspot\share\prims\jni.cpp, line 1108]
Event: 45.225 Thread 0x0000023d8723ca10 Exception <a 'java/lang/NoSuchMethodError'{0x000000008a119990}: static Lorg/gradle/internal/build/event/types/DefaultFailure;.<clinit>()V> (0x000000008a119990) 
thrown [s\src\hotspot\share\prims\jni.cpp, line 1108]
Event: 45.281 Thread 0x0000023d878a0cf0 Exception <a 'sun/nio/fs/WindowsException'{0x000000008a00ef68}> (0x000000008a00ef68) 
thrown [s\src\hotspot\share\prims\jni.cpp, line 517]
Event: 45.281 Thread 0x0000023d878a0cf0 Exception <a 'sun/nio/fs/WindowsException'{0x000000008a00f388}> (0x000000008a00f388) 
thrown [s\src\hotspot\share\prims\jni.cpp, line 517]
Event: 45.285 Thread 0x0000023d878a0cf0 Exception <a 'sun/nio/fs/WindowsException'{0x000000008a01d900}> (0x000000008a01d900) 
thrown [s\src\hotspot\share\prims\jni.cpp, line 517]
Event: 45.615 Thread 0x0000023d897aa7e0 Exception <a 'java/lang/NoSuchMethodError'{0x0000000089829e88}: static Lorg/gradle/tooling/internal/provider/serialization/ClassLoaderDetails;.<clinit>()V> (0x0000000089829e88) 
thrown [s\src\hotspot\share\prims\jni.cpp, line 1108]
Event: 45.617 Thread 0x0000023d897aa7e0 Exception <a 'java/lang/NoSuchMethodError'{0x000000008983b8e8}: static Lorg/gradle/tooling/internal/provider/serialization/WellKnownClassLoaderRegistry$KnownClassLoaderSpec;.<clinit>()V> (0x000000008983b8e8) 
thrown [s\src\hotspot\share\prims\jni.cpp, line 1108]
Event: 45.617 Thread 0x0000023d897aa7e0 Exception <a 'java/lang/NoSuchMethodError'{0x000000008983cf60}: static Lorg/gradle/internal/classloader/ClassLoaderSpec;.<clinit>()V> (0x000000008983cf60) 
thrown [s\src\hotspot\share\prims\jni.cpp, line 1108]
Event: 45.619 Thread 0x0000023d897aa7e0 Exception <a 'java/lang/NoSuchMethodError'{0x000000008984ec28}: static Lorg/gradle/internal/classloader/ClassLoaderSpec;.<clinit>()V> (0x000000008984ec28) 
thrown [s\src\hotspot\share\prims\jni.cpp, line 1108]
Event: 45.621 Thread 0x0000023d897aa7e0 Exception <a 'java/lang/NoSuchMethodError'{0x000000008985a770}: static Lorg/gradle/internal/classloader/VisitableURLClassLoader$Spec;.<clinit>()V> (0x000000008985a770) 
thrown [s\src\hotspot\share\prims\jni.cpp, line 1108]
Event: 45.627 Thread 0x0000023d897aa7e0 Exception <a 'java/lang/NoSuchMethodError'{0x000000008986c680}: static [Ljava/net/URL;.<clinit>()V> (0x000000008986c680) 
thrown [s\src\hotspot\share\prims\jni.cpp, line 1108]
Event: 45.633 Thread 0x0000023d897aa7e0 Exception <a 'java/lang/NoSuchMethodError'{0x0000000089880cf0}: static Lorg/gradle/internal/classloader/FilteringClassLoader$Spec;.<clinit>()V> (0x0000000089880cf0) 
thrown [s\src\hotspot\share\prims\jni.cpp, line 1108]
Event: 45.636 Thread 0x0000023d897aa7e0 Exception <a 'java/lang/NoSuchMethodError'{0x000000008988ea78}: static Lorg/gradle/internal/classloader/CachingClassLoader$Spec;.<clinit>()V> (0x000000008988ea78) 
thrown [s\src\hotspot\share\prims\jni.cpp, line 1108]
Event: 51.877 Thread 0x0000023d8932a230 Implicit null exception at 0x0000023df6b880f5 to 0x0000023df6b88744
Event: 51.877 Thread 0x0000023d8932a230 Implicit null exception at 0x0000023df6e6d7f2 to 0x0000023df6e6dfa0

VM Operations (20 events):
Event: 115.308 Executing VM operation: Cleanup
Event: 115.308 Executing VM operation: Cleanup done
Event: 125.379 Executing VM operation: Cleanup
Event: 125.379 Executing VM operation: Cleanup done
Event: 135.458 Executing VM operation: Cleanup
Event: 135.458 Executing VM operation: Cleanup done
Event: 142.542 Executing VM operation: Cleanup
Event: 142.542 Executing VM operation: Cleanup done
Event: 190.074 Executing VM operation: Cleanup
Event: 190.074 Executing VM operation: Cleanup done
Event: 192.104 Executing VM operation: Cleanup
Event: 192.104 Executing VM operation: Cleanup done
Event: 212.312 Executing VM operation: Cleanup
Event: 212.312 Executing VM operation: Cleanup done
Event: 232.516 Executing VM operation: Cleanup
Event: 232.516 Executing VM operation: Cleanup done
Event: 242.611 Executing VM operation: Cleanup
Event: 242.611 Executing VM operation: Cleanup done
Event: 320.399 Executing VM operation: Cleanup
Event: 320.416 Executing VM operation: Cleanup done

Events (20 events):
Event: 319.864 Thread 0x0000023d88e70a90 Thread added: 0x0000023d88e70a90
Event: 319.895 Thread 0x0000023d88e70f60 Thread added: 0x0000023d88e70f60
Event: 319.914 Thread 0x0000023d88e71430 Thread added: 0x0000023d88e71430
Event: 319.936 Thread 0x0000023d88e722a0 Thread added: 0x0000023d88e722a0
Event: 319.945 loading class jdk/internal/math/FormattedFloatingDecimal$Form
Event: 319.966 loading class jdk/internal/math/FormattedFloatingDecimal$Form done
Event: 319.967 loading class jdk/internal/math/FormattedFloatingDecimal
Event: 319.994 loading class jdk/internal/math/FormattedFloatingDecimal done
Event: 319.994 loading class jdk/internal/math/FormattedFloatingDecimal$1
Event: 319.995 loading class jdk/internal/math/FormattedFloatingDecimal$1 done
Event: 320.000 loading class jdk/internal/math/FormattedFloatingDecimal$2
Event: 320.002 loading class jdk/internal/math/FormattedFloatingDecimal$2 done
Event: 320.008 Thread 0x0000023d88e73110 Thread added: 0x0000023d88e73110
Event: 320.011 Thread 0x0000023d88e76130 Thread added: 0x0000023d88e76130
Event: 320.190 Thread 0x0000023d88f202e0 Thread added: 0x0000023d88f202e0
Event: 320.229 Thread 0x0000023d88e752c0 Thread added: 0x0000023d88e752c0
Event: 320.240 Thread 0x0000023d88e73f80 Thread added: 0x0000023d88e73f80
Event: 320.256 Thread 0x0000023d88e735e0 Thread added: 0x0000023d88e735e0
Event: 320.261 Thread 0x0000023d88e72c40 Thread added: 0x0000023d88e72c40
Event: 320.458 Thread 0x0000023d88e74df0 Thread added: 0x0000023d88e74df0


Dynamic libraries:
0x00007ff6a8270000 - 0x00007ff6a827a000 	C:\Program Files\Android\Android Studio\jbr\bin\java.exe
0x00007fff20670000 - 0x00007fff20887000 	C:\Windows\SYSTEM32\ntdll.dll
0x00007fff1f010000 - 0x00007fff1f0d4000 	C:\Windows\System32\KERNEL32.DLL
0x00007fff1de60000 - 0x00007fff1e20c000 	C:\Windows\System32\KERNELBASE.dll
0x00007fff1e210000 - 0x00007fff1e321000 	C:\Windows\System32\ucrtbase.dll
0x00007fff07910000 - 0x00007fff07927000 	C:\Program Files\Android\Android Studio\jbr\bin\jli.dll
0x00007ffee5cc0000 - 0x00007ffee5cdb000 	C:\Program Files\Android\Android Studio\jbr\bin\VCRUNTIME140.dll
0x00007fff1e410000 - 0x00007fff1e5be000 	C:\Windows\System32\USER32.dll
0x00007fff1d9a0000 - 0x00007fff1d9c6000 	C:\Windows\System32\win32u.dll
0x00007fff200c0000 - 0x00007fff200e9000 	C:\Windows\System32\GDI32.dll
0x00007fff09d70000 - 0x00007fff0a003000 	C:\Windows\WinSxS\amd64_microsoft.windows.common-controls_6595b64144ccf1df_6.0.22621.3672_none_2713b9d173822955\COMCTL32.dll
0x00007fff1dc10000 - 0x00007fff1dd29000 	C:\Windows\System32\gdi32full.dll
0x00007fff1db70000 - 0x00007fff1dc0a000 	C:\Windows\System32\msvcp_win.dll
0x00007fff1fa20000 - 0x00007fff1fac7000 	C:\Windows\System32\msvcrt.dll
0x00007fff200f0000 - 0x00007fff20121000 	C:\Windows\System32\IMM32.DLL
0x00007fff07c50000 - 0x00007fff07c5c000 	C:\Program Files\Android\Android Studio\jbr\bin\vcruntime140_1.dll
0x00007ffecaae0000 - 0x00007ffecab6d000 	C:\Program Files\Android\Android Studio\jbr\bin\msvcp140.dll
0x00007ffead880000 - 0x00007ffeae4ee000 	C:\Program Files\Android\Android Studio\jbr\bin\server\jvm.dll
0x00007fff1ef50000 - 0x00007fff1f002000 	C:\Windows\System32\ADVAPI32.dll
0x00007fff1fad0000 - 0x00007fff1fb7a000 	C:\Windows\System32\sechost.dll
0x00007fff1d9d0000 - 0x00007fff1d9f8000 	C:\Windows\System32\bcrypt.dll
0x00007fff1ee30000 - 0x00007fff1ef45000 	C:\Windows\System32\RPCRT4.dll
0x00007fff12e60000 - 0x00007fff12e69000 	C:\Windows\SYSTEM32\WSOCK32.dll
0x00007fff18ce0000 - 0x00007fff18d14000 	C:\Windows\SYSTEM32\WINMM.dll
0x00007fff18710000 - 0x00007fff1871a000 	C:\Windows\SYSTEM32\VERSION.dll
0x00007fff20130000 - 0x00007fff201a1000 	C:\Windows\System32\WS2_32.dll
0x00007fff1c9a0000 - 0x00007fff1c9b8000 	C:\Windows\SYSTEM32\kernel.appcore.dll
0x00007fff18e60000 - 0x00007fff18e6a000 	C:\Program Files\Android\Android Studio\jbr\bin\jimage.dll
0x00007fff1b1d0000 - 0x00007fff1b402000 	C:\Windows\SYSTEM32\DBGHELP.DLL
0x00007fff1fd30000 - 0x00007fff200b8000 	C:\Windows\System32\combase.dll
0x00007fff1e8b0000 - 0x00007fff1e987000 	C:\Windows\System32\OLEAUT32.dll
0x00007fff00420000 - 0x00007fff00452000 	C:\Windows\SYSTEM32\dbgcore.DLL
0x00007fff1e330000 - 0x00007fff1e3ab000 	C:\Windows\System32\bcryptPrimitives.dll
0x00007fff09b30000 - 0x00007fff09b55000 	C:\Program Files\Android\Android Studio\jbr\bin\java.dll
0x00007fff12fc0000 - 0x00007fff12fd8000 	C:\Program Files\Android\Android Studio\jbr\bin\zip.dll
0x00007fff1f170000 - 0x00007fff1f9cc000 	C:\Windows\System32\SHELL32.dll
0x00007fff1b8a0000 - 0x00007fff1c197000 	C:\Windows\SYSTEM32\windows.storage.dll
0x00007fff1b760000 - 0x00007fff1b89f000 	C:\Windows\SYSTEM32\wintypes.dll
0x00007fff1e9a0000 - 0x00007fff1ea94000 	C:\Windows\System32\SHCORE.dll
0x00007fff1f0e0000 - 0x00007fff1f13e000 	C:\Windows\System32\shlwapi.dll
0x00007fff1d8d0000 - 0x00007fff1d8f1000 	C:\Windows\SYSTEM32\profapi.dll
0x00007fff09890000 - 0x00007fff098a9000 	C:\Program Files\Android\Android Studio\jbr\bin\net.dll
0x00007fff19ec0000 - 0x00007fff19ff6000 	C:\Windows\SYSTEM32\WINHTTP.dll
0x00007fff1ce00000 - 0x00007fff1ce69000 	C:\Windows\system32\mswsock.dll
0x00007fff08a20000 - 0x00007fff08a36000 	C:\Program Files\Android\Android Studio\jbr\bin\nio.dll
0x00007fff16a00000 - 0x00007fff16a10000 	C:\Program Files\Android\Android Studio\jbr\bin\verify.dll
0x00007ffee95f0000 - 0x00007ffee9617000 	C:\Users\elien\.gradle\native\68d5fa5c4cc2d200863cafc0d521ce42e7d3e7ee720ec0a83991735586a16f82\windows-amd64\native-platform.dll
0x00007ffebc950000 - 0x00007ffebca94000 	C:\Users\elien\.gradle\native\e376f236ea51e6404a007f0833ffe2c6e607c4080706a723a18a27aeea778392\windows-amd64\native-platform-file-events.dll
0x00007fff0f900000 - 0x00007fff0f909000 	C:\Program Files\Android\Android Studio\jbr\bin\management.dll
0x00007fff09cb0000 - 0x00007fff09cbb000 	C:\Program Files\Android\Android Studio\jbr\bin\management_ext.dll
0x00007fff1eb00000 - 0x00007fff1eb08000 	C:\Windows\System32\PSAPI.DLL
0x00007fff1d080000 - 0x00007fff1d09b000 	C:\Windows\SYSTEM32\CRYPTSP.dll
0x00007fff1c8f0000 - 0x00007fff1c925000 	C:\Windows\system32\rsaenh.dll
0x00007fff1cee0000 - 0x00007fff1cf08000 	C:\Windows\SYSTEM32\USERENV.dll
0x00007fff1d0a0000 - 0x00007fff1d0ac000 	C:\Windows\SYSTEM32\CRYPTBASE.dll
0x00007fff1c400000 - 0x00007fff1c42d000 	C:\Windows\SYSTEM32\IPHLPAPI.DLL
0x00007fff1ecc0000 - 0x00007fff1ecc9000 	C:\Windows\System32\NSI.dll
0x00007fff19e90000 - 0x00007fff19ea9000 	C:\Windows\SYSTEM32\dhcpcsvc6.DLL
0x00007fff19db0000 - 0x00007fff19dcf000 	C:\Windows\SYSTEM32\dhcpcsvc.DLL
0x00007fff1c470000 - 0x00007fff1c568000 	C:\Windows\SYSTEM32\DNSAPI.dll
0x00007ffeb9220000 - 0x00007ffeb9228000 	C:\Windows\system32\wshunix.dll

dbghelp: loaded successfully - version: 4.0.5 - missing functions: none
symbol engine: initialized successfully - sym options: 0x614 - pdb path: .;C:\Program Files\Android\Android Studio\jbr\bin;C:\Windows\SYSTEM32;C:\Windows\WinSxS\amd64_microsoft.windows.common-controls_6595b64144ccf1df_6.0.22621.3672_none_2713b9d173822955;C:\Program Files\Android\Android Studio\jbr\bin\server;C:\Users\elien\.gradle\native\68d5fa5c4cc2d200863cafc0d521ce42e7d3e7ee720ec0a83991735586a16f82\windows-amd64;C:\Users\elien\.gradle\native\e376f236ea51e6404a007f0833ffe2c6e607c4080706a723a18a27aeea778392\windows-amd64

VM Arguments:
jvm_args: --add-opens=java.base/java.util=ALL-UNNAMED --add-opens=java.base/java.lang=ALL-UNNAMED --add-opens=java.base/java.lang.invoke=ALL-UNNAMED --add-opens=java.prefs/java.util.prefs=ALL-UNNAMED --add-opens=java.base/java.nio.charset=ALL-UNNAMED --add-opens=java.base/java.net=ALL-UNNAMED --add-opens=java.base/java.util.concurrent.atomic=ALL-UNNAMED -Xmx2048m -Dfile.encoding=UTF-8 -Duser.country=MX -Duser.language=es -Duser.variant 
java_command: org.gradle.launcher.daemon.bootstrap.GradleDaemon 8.0
java_class_path (initial): C:\Users\elien\.gradle\wrapper\dists\gradle-8.0-bin\ca5e32bp14vu59qr306oxotwh\gradle-8.0\lib\gradle-launcher-8.0.jar
Launcher Type: SUN_STANDARD

[Global flags]
     intx CICompilerCount                          = 4                                         {product} {ergonomic}
     uint ConcGCThreads                            = 2                                         {product} {ergonomic}
     uint G1ConcRefinementThreads                  = 8                                         {product} {ergonomic}
   size_t G1HeapRegionSize                         = 1048576                                   {product} {ergonomic}
    uintx GCDrainStackTargetSize                   = 64                                        {product} {ergonomic}
   size_t InitialHeapSize                          = 130023424                                 {product} {ergonomic}
   size_t MarkStackSize                            = 4194304                                   {product} {ergonomic}
   size_t MaxHeapSize                              = 2147483648                                {product} {command line}
   size_t MaxNewSize                               = 1287651328                                {product} {ergonomic}
   size_t MinHeapDeltaBytes                        = 1048576                                   {product} {ergonomic}
   size_t MinHeapSize                              = 8388608                                   {product} {ergonomic}
    uintx NonNMethodCodeHeapSize                   = 5839372                                {pd product} {ergonomic}
    uintx NonProfiledCodeHeapSize                  = 122909434                              {pd product} {ergonomic}
    uintx ProfiledCodeHeapSize                     = 122909434                              {pd product} {ergonomic}
    uintx ReservedCodeCacheSize                    = 251658240                              {pd product} {ergonomic}
     bool SegmentedCodeCache                       = true                                      {product} {ergonomic}
   size_t SoftMaxHeapSize                          = 2147483648                             {manageable} {ergonomic}
     bool UseCompressedClassPointers               = true                           {product lp64_product} {ergonomic}
     bool UseCompressedOops                        = true                           {product lp64_product} {ergonomic}
     bool UseG1GC                                  = true                                      {product} {ergonomic}
     bool UseLargePagesIndividualAllocation        = false                                  {pd product} {ergonomic}

Logging:
Log output configuration:
 #0: stdout all=warning uptime,level,tags
 #1: stderr all=off uptime,level,tags

Environment Variables:
PATH=C:\Program Files\Microsoft MPI\Bin\;C:\Program Files\Microsoft\jdk-11.0.16.101-hotspot\bin;C:\Windows\system32;C:\Windows;C:\Windows\System32\Wbem;C:\Windows\System32\WindowsPowerShell\v1.0\;C:\Windows\System32\OpenSSH\;C:\Program Files\dotnet\;C:\Program Files\Microsoft SQL Server\150\Tools\Binn\;C:\Program Files\Microsoft SQL Server\Client SDK\ODBC\170\Tools\Binn\;C:\Program Files (x86)\Microsoft SQL Server\160\Tools\Binn\;C:\Program Files\Microsoft SQL Server\160\Tools\Binn\;C:\Program Files\Microsoft SQL Server\160\DTS\Binn\;C:\Program Files\Azure Data Studio\bin;C:\msys64\ucrt64\bin;C:\Program Files\Git\cmd;C:\Program Files\Docker\Docker\resources\bin;C:\Program Files\nodejs\;C:\Program Files (x86)\Microsoft SQL Server\160\DTS\Binn\;C:\Users\elien\AppData\Local\Programs\Python\Python312\Scripts\;C:\Users\elien\AppData\Local\Programs\Python\Python312\;C:\Users\elien\AppData\Local\Microsoft\WindowsApps;C:\Users\elien\.dotnet\tools;C:\Program Files\Azure Data Studio\bin;C:\Users\elien\AppData\Local\Programs\Microsoft VS Code\bin;C:\Users\elien\AppData\Roaming\npm
USERNAME=elien
OS=Windows_NT
PROCESSOR_IDENTIFIER=Intel64 Family 6 Model 140 Stepping 1, GenuineIntel
TMP=C:\Users\elien\AppData\Local\Temp
TEMP=C:\Users\elien\AppData\Local\Temp


JNI global refs:
JNI global refs: 26, weak refs: 3

JNI global refs memory usage: 843, weak refs: 841


---------------  S Y S T E M  ---------------

OS:
 Windows 11 , 64 bit Build 22621 (10.0.22621.3672)
OS uptime: 1 days 3:07 hours
Hyper-V role detected

CPU: total 8 (initial active 8) (4 cores per cpu, 2 threads per core) family 6 model 140 stepping 1 microcode 0xb4, cx8, cmov, fxsr, ht, mmx, 3dnowpref, sse, sse2, sse3, ssse3, sse4.1, sse4.2, popcnt, lzcnt, tsc, tscinvbit, avx, avx2, aes, erms, clmul, bmi1, bmi2, adx, avx512f, avx512dq, avx512cd, avx512bw, avx512vl, sha, fma, vzeroupper, avx512_vpopcntdq, avx512_vpclmulqdq, avx512_vaes, avx512_vnni, clflush, clflushopt, clwb, avx512_vbmi2, avx512_vbmi, hv

Memory: 4k page, system-wide physical 7926M (800M free)
TotalPageFile size 20126M (AvailPageFile size 5M)
current process WorkingSet (physical memory assigned to process): 147M, peak: 490M
current process commit charge ("private bytes"): 549M, peak: 556M

vm_info: OpenJDK 64-Bit Server VM (17.0.6+0-b2043.56-10027231) for windows-amd64 JRE (17.0.6+0-b2043.56-10027231), built on Apr 28 2023 00:43:19 by "androidbuild" with MS VC++ 16.10 / 16.11 (VS2019)

END.
